2025-08-19 11:29:42 - INFO - 日志系统初始化完成
2025-08-19 11:29:42 - INFO - 监控程序启动
2025-08-19 11:29:42 - INFO - 配置项: 2 个检测任务
2025-08-19 11:29:42 - INFO - 监控间隔: 60 秒
2025-08-19 11:29:42 - INFO - ==================================================
2025-08-19 11:29:42 - INFO - 开始新一轮监控循环
2025-08-19 11:29:42 - INFO - 开始检测: 第一层文字检测 (层级 1)
2025-08-19 11:29:42 - WARNING - ✗ 检测失败: 第一层文字检测
2025-08-19 11:30:42 - INFO - ==================================================
2025-08-19 11:30:42 - INFO - 开始新一轮监控循环
2025-08-19 11:30:42 - INFO - 开始检测: 第一层文字检测 (层级 1)
2025-08-19 11:30:42 - WARNING - ✗ 检测失败: 第一层文字检测
2025-08-19 11:30:55 - INFO - 日志系统初始化完成
2025-08-19 11:30:55 - INFO - 监控程序启动
2025-08-19 11:30:55 - INFO - 配置项: 2 个检测任务
2025-08-19 11:30:55 - INFO - 监控间隔: 60 秒
2025-08-19 11:30:55 - INFO - ==================================================
2025-08-19 11:30:55 - INFO - 开始新一轮监控循环
2025-08-19 11:30:55 - INFO - 开始检测: 第一层文字检测 (层级 1)
2025-08-19 11:30:55 - WARNING - ✗ 检测失败: 第一层文字检测
2025-08-19 11:31:11 - INFO - 日志系统初始化完成
2025-08-19 11:31:11 - INFO - 监控程序启动
2025-08-19 11:31:11 - INFO - 配置项: 2 个检测任务
2025-08-19 11:31:11 - INFO - 监控间隔: 60 秒
2025-08-19 11:31:11 - INFO - ==================================================
2025-08-19 11:31:11 - INFO - 开始新一轮监控循环
2025-08-19 11:31:11 - INFO - 开始检测: 第一层文字检测 (层级 1)
2025-08-19 11:31:11 - WARNING - ✗ 检测失败: 第一层文字检测
2025-08-19 11:32:11 - INFO - ==================================================
2025-08-19 11:32:11 - INFO - 开始新一轮监控循环
2025-08-19 11:32:11 - INFO - 开始检测: 第一层文字检测 (层级 1)
2025-08-19 11:32:11 - WARNING - ✗ 检测失败: 第一层文字检测
2025-08-19 11:35:33 - INFO - 日志系统初始化完成
2025-08-19 11:35:33 - INFO - 监控程序启动
2025-08-19 11:35:33 - INFO - 配置项: 2 个检测任务
2025-08-19 11:35:33 - INFO - 监控间隔: 60 秒
2025-08-19 11:35:33 - INFO - ==================================================
2025-08-19 11:35:33 - INFO - 开始新一轮监控循环
2025-08-19 11:35:33 - INFO - 开始检测: 第一层文字检测 (层级 1)
2025-08-19 11:35:33 - WARNING - ✗ 检测失败: 第一层文字检测
2025-08-19 11:36:33 - INFO - ==================================================
2025-08-19 11:36:33 - INFO - 开始新一轮监控循环
2025-08-19 11:36:33 - INFO - 开始检测: 第一层文字检测 (层级 1)
2025-08-19 11:36:34 - WARNING - ✗ 检测失败: 第一层文字检测
2025-08-19 11:37:34 - INFO - ==================================================
2025-08-19 11:37:34 - INFO - 开始新一轮监控循环
2025-08-19 11:37:34 - INFO - 开始检测: 第一层文字检测 (层级 1)
2025-08-19 11:37:34 - WARNING - ✗ 检测失败: 第一层文字检测
2025-08-19 11:38:55 - INFO - 日志系统初始化完成
2025-08-19 11:38:55 - INFO - 监控程序启动
2025-08-19 11:38:55 - INFO - 配置项: 2 个检测任务
2025-08-19 11:38:55 - INFO - 监控间隔: 60 秒
2025-08-19 11:38:55 - INFO - ==================================================
2025-08-19 11:38:55 - INFO - 开始新一轮监控循环
2025-08-19 11:38:55 - INFO - 开始检测: 第一层文字检测 (层级 1)
2025-08-19 11:38:56 - WARNING - ✗ 检测失败: 第一层文字检测
2025-08-19 11:39:56 - INFO - ==================================================
2025-08-19 11:39:56 - INFO - 开始新一轮监控循环
2025-08-19 11:39:56 - INFO - 开始检测: 第一层文字检测 (层级 1)
2025-08-19 11:39:56 - WARNING - ✗ 检测失败: 第一层文字检测
2025-08-19 11:40:56 - INFO - ==================================================
2025-08-19 11:40:56 - INFO - 开始新一轮监控循环
2025-08-19 11:40:56 - INFO - 开始检测: 第一层文字检测 (层级 1)
2025-08-19 11:40:56 - WARNING - ✗ 检测失败: 第一层文字检测
2025-08-19 11:41:56 - INFO - ==================================================
2025-08-19 11:41:56 - INFO - 开始新一轮监控循环
2025-08-19 11:41:56 - INFO - 开始检测: 第一层文字检测 (层级 1)
2025-08-19 11:41:56 - WARNING - ✗ 检测失败: 第一层文字检测
2025-08-19 11:42:56 - INFO - ==================================================
2025-08-19 11:42:56 - INFO - 开始新一轮监控循环
2025-08-19 11:42:56 - INFO - 开始检测: 第一层文字检测 (层级 1)
2025-08-19 11:42:57 - WARNING - ✗ 检测失败: 第一层文字检测
2025-08-19 11:43:57 - INFO - ==================================================
2025-08-19 11:43:57 - INFO - 开始新一轮监控循环
2025-08-19 11:43:57 - INFO - 开始检测: 第一层文字检测 (层级 1)
2025-08-19 11:43:57 - WARNING - ✗ 检测失败: 第一层文字检测
2025-08-19 11:44:57 - INFO - ==================================================
2025-08-19 11:44:57 - INFO - 开始新一轮监控循环
2025-08-19 11:44:57 - INFO - 开始检测: 第一层文字检测 (层级 1)
2025-08-19 11:44:57 - WARNING - ✗ 检测失败: 第一层文字检测
2025-08-19 11:45:57 - INFO - ==================================================
2025-08-19 11:45:57 - INFO - 开始新一轮监控循环
2025-08-19 11:45:57 - INFO - 开始检测: 第一层文字检测 (层级 1)
2025-08-19 11:45:57 - WARNING - ✗ 检测失败: 第一层文字检测
2025-08-19 11:46:57 - INFO - ==================================================
2025-08-19 11:46:57 - INFO - 开始新一轮监控循环
2025-08-19 11:46:57 - INFO - 开始检测: 第一层文字检测 (层级 1)
2025-08-19 11:46:58 - WARNING - ✗ 检测失败: 第一层文字检测
2025-08-19 11:47:58 - INFO - ==================================================
2025-08-19 11:47:58 - INFO - 开始新一轮监控循环
2025-08-19 11:47:58 - INFO - 开始检测: 第一层文字检测 (层级 1)
2025-08-19 11:47:58 - WARNING - ✗ 检测失败: 第一层文字检测
2025-08-19 11:48:58 - INFO - ==================================================
2025-08-19 11:48:58 - INFO - 开始新一轮监控循环
2025-08-19 11:48:58 - INFO - 开始检测: 第一层文字检测 (层级 1)
2025-08-19 11:48:58 - WARNING - ✗ 检测失败: 第一层文字检测
2025-08-19 11:49:48 - INFO - 日志系统初始化完成
2025-08-19 11:49:48 - DEBUG - 调试模式: True
2025-08-19 11:49:48 - INFO - 监控程序启动
2025-08-19 11:49:48 - INFO - 配置项: 2 个检测任务
2025-08-19 11:49:48 - INFO - 监控间隔: 60 秒
2025-08-19 11:49:48 - INFO - ==================================================
2025-08-19 11:49:48 - INFO - 开始新一轮监控循环
2025-08-19 11:49:48 - INFO - 开始检测: 第一层文字检测 (层级 1)
2025-08-19 11:49:48 - DEBUG - 截图已保存: screenshot_20250819_114948_951300.png
2025-08-19 11:49:49 - DEBUG - ['tesseract', 'C:\\Users\\60548\\AppData\\Local\\Temp\\tess_v_ypvhpy_input.PNG', 'C:\\Users\\60548\\AppData\\Local\\Temp\\tess_v_ypvhpy', '-l', 'eng', 'txt']
2025-08-19 11:49:49 - DEBUG - OCR识别结果: 'Twilight Perion Forsaken Excavation Si'
2025-08-19 11:49:49 - DEBUG - 未找到关键词，检测失败
2025-08-19 11:49:49 - WARNING - ✗ 检测失败: 第一层文字检测
2025-08-19 11:49:49 - DEBUG - 等待 60 秒后执行下一次监控...
2025-08-19 11:50:39 - INFO - 日志系统初始化完成
2025-08-19 11:50:39 - DEBUG - 调试模式: True
2025-08-19 11:50:39 - INFO - 监控程序启动
2025-08-19 11:50:39 - INFO - 配置项: 2 个检测任务
2025-08-19 11:50:39 - INFO - 监控间隔: 60 秒
2025-08-19 11:50:39 - INFO - ==================================================
2025-08-19 11:50:39 - INFO - 开始新一轮监控循环
2025-08-19 11:50:39 - INFO - 开始检测: 第一层文字检测 (层级 1)
2025-08-19 11:50:39 - DEBUG - 截图已保存: screenshot_20250819_115039_762330.png
2025-08-19 11:50:39 - DEBUG - ['tesseract', 'C:\\Users\\60548\\AppData\\Local\\Temp\\tess_jflg79ly_input.PNG', 'C:\\Users\\60548\\AppData\\Local\\Temp\\tess_jflg79ly', '-l', 'eng', 'txt']
2025-08-19 11:50:39 - DEBUG - OCR识别结果: ''
2025-08-19 11:50:39 - DEBUG - OCR识别结果为空，检测失败
2025-08-19 11:50:39 - WARNING - ✗ 检测失败: 第一层文字检测
2025-08-19 11:50:39 - DEBUG - 等待 60 秒后执行下一次监控...
2025-08-19 11:51:04 - INFO - 日志系统初始化完成
2025-08-19 11:51:04 - DEBUG - 调试模式: True
2025-08-19 11:51:04 - INFO - 监控程序启动
2025-08-19 11:51:04 - INFO - 配置项: 2 个检测任务
2025-08-19 11:51:04 - INFO - 监控间隔: 60 秒
2025-08-19 11:51:04 - INFO - ==================================================
2025-08-19 11:51:04 - INFO - 开始新一轮监控循环
2025-08-19 11:51:04 - INFO - 开始检测: 第一层文字检测 (层级 1)
2025-08-19 11:51:04 - DEBUG - 截图已保存: screenshot_20250819_115104_612066.png
2025-08-19 11:51:04 - DEBUG - ['tesseract', 'C:\\Users\\60548\\AppData\\Local\\Temp\\tess__5rnewyo_input.PNG', 'C:\\Users\\60548\\AppData\\Local\\Temp\\tess__5rnewyo', '-l', 'eng', 'txt']
2025-08-19 11:51:04 - DEBUG - OCR识别结果: '(PRP twilight Perion'
2025-08-19 11:51:04 - DEBUG - 未找到关键词，检测失败
2025-08-19 11:51:04 - WARNING - ✗ 检测失败: 第一层文字检测
2025-08-19 11:51:04 - DEBUG - 等待 60 秒后执行下一次监控...
2025-08-19 11:51:35 - INFO - 日志系统初始化完成
2025-08-19 11:51:35 - DEBUG - 调试模式: True
2025-08-19 11:51:35 - INFO - 监控程序启动
2025-08-19 11:51:35 - INFO - 配置项: 2 个检测任务
2025-08-19 11:51:35 - INFO - 监控间隔: 60 秒
2025-08-19 11:51:35 - INFO - ==================================================
2025-08-19 11:51:35 - INFO - 开始新一轮监控循环
2025-08-19 11:51:35 - INFO - 开始检测: 第一层文字检测 (层级 1)
2025-08-19 11:51:35 - DEBUG - 截图已保存: screenshot_20250819_115135_310307.png
2025-08-19 11:51:35 - DEBUG - ['tesseract', 'C:\\Users\\60548\\AppData\\Local\\Temp\\tess_bsa0b9k1_input.PNG', 'C:\\Users\\60548\\AppData\\Local\\Temp\\tess_bsa0b9k1', '-l', 'eng', 'txt']
2025-08-19 11:51:35 - DEBUG - OCR识别结果: ''
2025-08-19 11:51:35 - DEBUG - OCR识别结果为空，检测失败
2025-08-19 11:51:35 - WARNING - ✗ 检测失败: 第一层文字检测
2025-08-19 11:51:35 - DEBUG - 等待 60 秒后执行下一次监控...
2025-08-19 11:52:25 - INFO - 日志系统初始化完成
2025-08-19 11:52:25 - DEBUG - 调试模式: True
2025-08-19 11:52:25 - INFO - 监控程序启动
2025-08-19 11:52:25 - INFO - 配置项: 2 个检测任务
2025-08-19 11:52:25 - INFO - 监控间隔: 60 秒
2025-08-19 11:52:25 - INFO - ==================================================
2025-08-19 11:52:25 - INFO - 开始新一轮监控循环
2025-08-19 11:52:25 - INFO - 开始检测: 第一层文字检测 (层级 1)
2025-08-19 11:52:25 - DEBUG - 截图已保存: screenshot_20250819_115225_481885.png
2025-08-19 11:52:25 - DEBUG - ['tesseract', 'C:\\Users\\60548\\AppData\\Local\\Temp\\tess_07k2je91_input.PNG', 'C:\\Users\\60548\\AppData\\Local\\Temp\\tess_07k2je91', '-l', 'eng', 'txt']
2025-08-19 11:52:25 - DEBUG - OCR识别结果: ''
2025-08-19 11:52:25 - DEBUG - OCR识别结果为空，检测失败
2025-08-19 11:52:25 - WARNING - ✗ 检测失败: 第一层文字检测
2025-08-19 11:52:25 - DEBUG - 等待 60 秒后执行下一次监控...
2025-08-19 11:53:19 - INFO - 日志系统初始化完成
2025-08-19 11:53:19 - DEBUG - 调试模式: True
2025-08-19 11:53:19 - INFO - 监控程序启动
2025-08-19 11:53:19 - INFO - 配置项: 2 个检测任务
2025-08-19 11:53:19 - INFO - 监控间隔: 60 秒
2025-08-19 11:53:19 - INFO - ==================================================
2025-08-19 11:53:19 - INFO - 开始新一轮监控循环
2025-08-19 11:53:19 - INFO - 开始检测: 第一层文字检测 (层级 1)
2025-08-19 11:53:19 - DEBUG - 截图已保存: screenshot_20250819_115319_594829.png
2025-08-19 11:53:19 - DEBUG - ['tesseract', 'C:\\Users\\60548\\AppData\\Local\\Temp\\tess_vupvu953_input.PNG', 'C:\\Users\\60548\\AppData\\Local\\Temp\\tess_vupvu953', '-l', 'eng', 'txt']
2025-08-19 11:53:19 - DEBUG - OCR识别结果: 'wilight Perion Forsaken Excavatio ('
2025-08-19 11:53:19 - DEBUG - 未找到关键词，检测失败
2025-08-19 11:53:19 - WARNING - ✗ 检测失败: 第一层文字检测
2025-08-19 11:53:19 - DEBUG - 等待 60 秒后执行下一次监控...
2025-08-19 11:54:19 - INFO - ==================================================
2025-08-19 11:54:19 - INFO - 开始新一轮监控循环
2025-08-19 11:54:19 - INFO - 开始检测: 第一层文字检测 (层级 1)
2025-08-19 11:54:19 - DEBUG - 截图已保存: screenshot_20250819_115419_897774.png
2025-08-19 11:54:19 - DEBUG - ['tesseract', 'C:\\Users\\60548\\AppData\\Local\\Temp\\tess_qw1k6y67_input.PNG', 'C:\\Users\\60548\\AppData\\Local\\Temp\\tess_qw1k6y67', '-l', 'eng', 'txt']
2025-08-19 11:54:20 - DEBUG - OCR识别结果: 'wilight Perion Forsaken Excavatio ('
2025-08-19 11:54:20 - DEBUG - 未找到关键词，检测失败
2025-08-19 11:54:20 - WARNING - ✗ 检测失败: 第一层文字检测
2025-08-19 11:54:20 - DEBUG - 等待 60 秒后执行下一次监控...
2025-08-19 11:55:11 - INFO - 日志系统初始化完成
2025-08-19 11:55:11 - DEBUG - 调试模式: True
2025-08-19 11:55:11 - INFO - 监控程序启动
2025-08-19 11:55:11 - INFO - 配置项: 2 个检测任务
2025-08-19 11:55:11 - INFO - 监控间隔: 60 秒
2025-08-19 11:55:11 - INFO - ==================================================
2025-08-19 11:55:11 - INFO - 开始新一轮监控循环
2025-08-19 11:55:11 - INFO - 开始检测: 第一层文字检测 (层级 1)
2025-08-19 11:55:11 - DEBUG - 截图已保存: screenshot_20250819_115511_357768.png
2025-08-19 11:55:11 - DEBUG - ['tesseract', 'C:\\Users\\60548\\AppData\\Local\\Temp\\tess_5w8uwam3_input.PNG', 'C:\\Users\\60548\\AppData\\Local\\Temp\\tess_5w8uwam3', '-l', 'eng', 'txt']
2025-08-19 11:55:11 - DEBUG - OCR识别结果: 'wilight Perion Forsaken Excavatio ('
2025-08-19 11:55:11 - DEBUG - 未找到关键词，检测失败
2025-08-19 11:55:11 - WARNING - ✗ 检测失败: 第一层文字检测
2025-08-19 11:55:11 - DEBUG - 等待 60 秒后执行下一次监控...
2025-08-19 11:56:11 - INFO - ==================================================
2025-08-19 11:56:11 - INFO - 开始新一轮监控循环
2025-08-19 11:56:11 - INFO - 开始检测: 第一层文字检测 (层级 1)
2025-08-19 11:56:11 - DEBUG - 截图已保存: screenshot_20250819_115611_683412.png
2025-08-19 11:56:11 - DEBUG - ['tesseract', 'C:\\Users\\60548\\AppData\\Local\\Temp\\tess_yvsc5xnc_input.PNG', 'C:\\Users\\60548\\AppData\\Local\\Temp\\tess_yvsc5xnc', '-l', 'eng', 'txt']
2025-08-19 11:56:11 - DEBUG - OCR识别结果: 'wilight Perion Forsaken Excavatio ('
2025-08-19 11:56:11 - DEBUG - 未找到关键词，检测失败
2025-08-19 11:56:11 - WARNING - ✗ 检测失败: 第一层文字检测
2025-08-19 11:56:11 - DEBUG - 等待 60 秒后执行下一次监控...
2025-08-19 13:15:44 - INFO - 日志系统初始化完成
2025-08-19 13:15:44 - DEBUG - 调试模式: True
2025-08-19 13:15:44 - INFO - 监控程序启动
2025-08-19 13:15:44 - INFO - 配置项: 2 个检测任务
2025-08-19 13:15:44 - INFO - 监控间隔: 60 秒
2025-08-19 13:15:44 - INFO - ==================================================
2025-08-19 13:15:44 - INFO - 开始新一轮监控循环
2025-08-19 13:15:44 - INFO - 开始检测: 第一层文字检测 (层级 1)
2025-08-19 13:15:44 - DEBUG - 截图已保存: screenshot_20250819_131544_544480.png
2025-08-19 13:15:44 - DEBUG - ['tesseract', 'C:\\Users\\60548\\AppData\\Local\\Temp\\tess_mq2dk74h_input.PNG', 'C:\\Users\\60548\\AppData\\Local\\Temp\\tess_mq2dk74h', '-l', 'eng', 'txt']
2025-08-19 13:15:44 - DEBUG - OCR识别结果: 'wilight Perion Forsaken Excavatio ('
2025-08-19 13:15:44 - DEBUG - 未找到关键词，检测失败
2025-08-19 13:15:44 - WARNING - ✗ 检测失败: 第一层文字检测
2025-08-19 13:15:44 - DEBUG - 等待 60 秒后执行下一次监控...
2025-08-19 13:16:17 - INFO - 日志系统初始化完成
2025-08-19 13:16:17 - DEBUG - 调试模式: True
2025-08-19 13:16:17 - INFO - 监控程序启动
2025-08-19 13:16:17 - INFO - 配置项: 2 个检测任务
2025-08-19 13:16:17 - INFO - 监控间隔: 60 秒
2025-08-19 13:16:17 - INFO - ==================================================
2025-08-19 13:16:17 - INFO - 开始新一轮监控循环
2025-08-19 13:16:17 - INFO - 开始检测: 第一层文字检测 (层级 1)
2025-08-19 13:16:17 - DEBUG - 截图已保存: screenshot_20250819_131617_610581.png
2025-08-19 13:16:17 - DEBUG - ['tesseract', 'C:\\Users\\60548\\AppData\\Local\\Temp\\tess_b5bl0elv_input.PNG', 'C:\\Users\\60548\\AppData\\Local\\Temp\\tess_b5bl0elv', '-l', 'eng', 'txt']
2025-08-19 13:16:17 - DEBUG - OCR识别结果: 'wilight Perion Forsaken Excavatio ('
2025-08-19 13:16:17 - DEBUG - 未找到关键词，检测失败
2025-08-19 13:16:17 - WARNING - ✗ 检测失败: 第一层文字检测
2025-08-19 13:16:17 - DEBUG - 等待 60 秒后执行下一次监控...
2025-08-19 13:30:56 - INFO - 日志系统初始化完成
2025-08-19 13:30:56 - DEBUG - 调试模式: True
2025-08-19 13:30:56 - INFO - 监控程序启动
2025-08-19 13:30:56 - INFO - 配置项: 2 个检测任务
2025-08-19 13:30:56 - INFO - 监控间隔: 60 秒
2025-08-19 13:30:56 - INFO - ==================================================
2025-08-19 13:30:56 - INFO - 开始新一轮监控循环
2025-08-19 13:30:56 - INFO - 开始检测: 第一层文字检测 (层级 1)
2025-08-19 13:30:56 - DEBUG - 截图已保存: screenshot_20250819_133056_315998.png
2025-08-19 13:30:56 - DEBUG - ['tesseract', 'C:\\Users\\60548\\AppData\\Local\\Temp\\tess__n5kqxs4_input.PNG', 'C:\\Users\\60548\\AppData\\Local\\Temp\\tess__n5kqxs4', '-l', 'eng', 'txt']
2025-08-19 13:30:56 - DEBUG - OCR识别结果: 'wilight Perion Forsaken Excavatio ('
2025-08-19 13:30:56 - DEBUG - 未找到关键词，检测失败
2025-08-19 13:30:56 - WARNING - ✗ 检测失败: 第一层文字检测
2025-08-19 13:30:56 - DEBUG - 等待 60 秒后执行下一次监控...
2025-08-19 13:31:56 - INFO - ==================================================
2025-08-19 13:31:56 - INFO - 开始新一轮监控循环
2025-08-19 13:31:56 - INFO - 开始检测: 第一层文字检测 (层级 1)
2025-08-19 13:31:56 - DEBUG - 截图已保存: screenshot_20250819_133156_633879.png
2025-08-19 13:31:56 - DEBUG - ['tesseract', 'C:\\Users\\60548\\AppData\\Local\\Temp\\tess_w0xt95gf_input.PNG', 'C:\\Users\\60548\\AppData\\Local\\Temp\\tess_w0xt95gf', '-l', 'eng', 'txt']
2025-08-19 13:31:56 - DEBUG - OCR识别结果: 'wilight Perion Forsaken Excavatio ('
2025-08-19 13:31:56 - DEBUG - 未找到关键词，检测失败
2025-08-19 13:31:56 - WARNING - ✗ 检测失败: 第一层文字检测
2025-08-19 13:31:56 - DEBUG - 等待 60 秒后执行下一次监控...
2025-08-19 13:38:07 - INFO - 日志系统初始化完成
2025-08-19 13:38:07 - DEBUG - 调试模式: True
2025-08-19 13:38:07 - INFO - 监控程序启动
2025-08-19 13:38:07 - INFO - 配置项: 2 个检测任务
2025-08-19 13:38:07 - INFO - 监控间隔: 60 秒
2025-08-19 13:38:07 - INFO - ==================================================
2025-08-19 13:38:07 - INFO - 开始新一轮监控循环
2025-08-19 13:38:07 - INFO - 开始检测: 第一层文字检测 (层级 1)
2025-08-19 13:38:07 - DEBUG - 截图已保存: screenshot_20250819_133807_462433.png
2025-08-19 13:38:07 - ERROR - 图像预处理失败: local variable 'save_path' referenced before assignment
2025-08-19 13:38:07 - DEBUG - ['tesseract', 'C:\\Users\\60548\\AppData\\Local\\Temp\\tess_bqglcsm0_input.PNG', 'C:\\Users\\60548\\AppData\\Local\\Temp\\tess_bqglcsm0', '-l', 'eng', 'txt']
2025-08-19 13:38:07 - DEBUG - OCR识别结果: 'wilight Perion ‘orsaken Excavatio'
2025-08-19 13:38:07 - DEBUG - 未找到关键词，检测失败
2025-08-19 13:38:07 - WARNING - ✗ 检测失败: 第一层文字检测
2025-08-19 13:38:07 - DEBUG - 等待 60 秒后执行下一次监控...
2025-08-19 13:38:56 - INFO - 日志系统初始化完成
2025-08-19 13:38:56 - DEBUG - 调试模式: True
2025-08-19 13:38:56 - INFO - 监控程序启动
2025-08-19 13:38:56 - INFO - 配置项: 2 个检测任务
2025-08-19 13:38:56 - INFO - 监控间隔: 60 秒
2025-08-19 13:38:56 - INFO - ==================================================
2025-08-19 13:38:56 - INFO - 开始新一轮监控循环
2025-08-19 13:38:56 - INFO - 开始检测: 第一层文字检测 (层级 1)
2025-08-19 13:38:56 - DEBUG - 截图已保存: screenshot_20250819_133856_248813.png
2025-08-19 13:38:56 - ERROR - 图像预处理失败: local variable 'save_path' referenced before assignment
2025-08-19 13:38:56 - DEBUG - ['tesseract', 'C:\\Users\\60548\\AppData\\Local\\Temp\\tess_zph7rt5b_input.PNG', 'C:\\Users\\60548\\AppData\\Local\\Temp\\tess_zph7rt5b', '-l', 'eng', 'txt']
2025-08-19 13:38:56 - DEBUG - OCR识别结果: 'wilight Perion ‘orsaken Excavatio'
2025-08-19 13:38:56 - DEBUG - 未找到关键词，检测失败
2025-08-19 13:38:56 - WARNING - ✗ 检测失败: 第一层文字检测
2025-08-19 13:38:56 - DEBUG - 等待 60 秒后执行下一次监控...
2025-08-19 13:39:56 - INFO - ==================================================
2025-08-19 13:39:56 - INFO - 开始新一轮监控循环
2025-08-19 13:39:56 - INFO - 开始检测: 第一层文字检测 (层级 1)
2025-08-19 13:39:56 - DEBUG - 截图已保存: screenshot_20250819_133956_586325.png
2025-08-19 13:39:56 - ERROR - 图像预处理失败: local variable 'save_path' referenced before assignment
2025-08-19 13:39:56 - DEBUG - ['tesseract', 'C:\\Users\\60548\\AppData\\Local\\Temp\\tess_965e5s6b_input.PNG', 'C:\\Users\\60548\\AppData\\Local\\Temp\\tess_965e5s6b', '-l', 'eng', 'txt']
2025-08-19 13:39:56 - DEBUG - OCR识别结果: 'wilight Perion ‘orsaken Excavatio'
2025-08-19 13:39:56 - DEBUG - 未找到关键词，检测失败
2025-08-19 13:39:56 - WARNING - ✗ 检测失败: 第一层文字检测
2025-08-19 13:39:56 - DEBUG - 等待 60 秒后执行下一次监控...
2025-08-19 13:40:45 - INFO - 日志系统初始化完成
2025-08-19 13:40:45 - DEBUG - 调试模式: True
2025-08-19 13:40:45 - INFO - 监控程序启动
2025-08-19 13:40:45 - INFO - 配置项: 2 个检测任务
2025-08-19 13:40:45 - INFO - 监控间隔: 60 秒
2025-08-19 13:40:45 - INFO - ==================================================
2025-08-19 13:40:45 - INFO - 开始新一轮监控循环
2025-08-19 13:40:45 - INFO - 开始检测: 第一层文字检测 (层级 1)
2025-08-19 13:40:45 - DEBUG - 截图已保存: screenshot_20250819_134045_108335.png
2025-08-19 13:40:45 - DEBUG - 已保存预处理后的图像: screenshots\screenshot_20250819_134045_160472.png
2025-08-19 13:40:45 - DEBUG - ['tesseract', 'C:\\Users\\60548\\AppData\\Local\\Temp\\tess_iw5g4up4_input.PNG', 'C:\\Users\\60548\\AppData\\Local\\Temp\\tess_iw5g4up4', '-l', 'eng', 'txt']
2025-08-19 13:40:45 - DEBUG - OCR识别结果: 'wilight Perion Forsaken Excavatio ('
2025-08-19 13:40:45 - DEBUG - 未找到关键词，检测失败
2025-08-19 13:40:45 - WARNING - ✗ 检测失败: 第一层文字检测
2025-08-19 13:40:45 - DEBUG - 等待 60 秒后执行下一次监控...
2025-08-19 13:41:12 - INFO - 日志系统初始化完成
2025-08-19 13:41:12 - DEBUG - 调试模式: True
2025-08-19 13:41:12 - INFO - 监控程序启动
2025-08-19 13:41:12 - INFO - 配置项: 2 个检测任务
2025-08-19 13:41:12 - INFO - 监控间隔: 60 秒
2025-08-19 13:41:12 - INFO - ==================================================
2025-08-19 13:41:12 - INFO - 开始新一轮监控循环
2025-08-19 13:41:12 - INFO - 开始检测: 第一层文字检测 (层级 1)
2025-08-19 13:41:12 - DEBUG - 截图已保存: screenshot_20250819_134112_783641.png
2025-08-19 13:41:12 - DEBUG - 已保存预处理后的图像: screenshots\screenshot_20250819_134112_837782.png
2025-08-19 13:41:12 - DEBUG - ['tesseract', 'C:\\Users\\60548\\AppData\\Local\\Temp\\tess_in9o3x30_input.PNG', 'C:\\Users\\60548\\AppData\\Local\\Temp\\tess_in9o3x30', '-l', 'eng', 'txt']
2025-08-19 13:41:13 - DEBUG - OCR识别结果: 'wilight Perion Forsaken Excavatio ('
2025-08-19 13:41:13 - DEBUG - 未找到关键词，检测失败
2025-08-19 13:41:13 - WARNING - ✗ 检测失败: 第一层文字检测
2025-08-19 13:41:13 - DEBUG - 等待 60 秒后执行下一次监控...
2025-08-19 13:42:13 - INFO - ==================================================
2025-08-19 13:42:13 - INFO - 开始新一轮监控循环
2025-08-19 13:42:13 - INFO - 开始检测: 第一层文字检测 (层级 1)
2025-08-19 13:42:13 - DEBUG - 截图已保存: screenshot_20250819_134213_111841.png
2025-08-19 13:42:13 - DEBUG - 已保存预处理后的图像: screenshots\screenshot_20250819_134213_134937.png
2025-08-19 13:42:13 - DEBUG - ['tesseract', 'C:\\Users\\60548\\AppData\\Local\\Temp\\tess_3gon6voa_input.PNG', 'C:\\Users\\60548\\AppData\\Local\\Temp\\tess_3gon6voa', '-l', 'eng', 'txt']
2025-08-19 13:42:13 - DEBUG - OCR识别结果: 'wilight Perion Forsaken Excavatio ('
2025-08-19 13:42:13 - DEBUG - 未找到关键词，检测失败
2025-08-19 13:42:13 - WARNING - ✗ 检测失败: 第一层文字检测
2025-08-19 13:42:13 - DEBUG - 等待 60 秒后执行下一次监控...
2025-08-19 13:43:13 - INFO - ==================================================
2025-08-19 13:43:13 - INFO - 开始新一轮监控循环
2025-08-19 13:43:13 - INFO - 开始检测: 第一层文字检测 (层级 1)
2025-08-19 13:43:13 - DEBUG - 截图已保存: screenshot_20250819_134313_411291.png
2025-08-19 13:43:13 - DEBUG - 已保存预处理后的图像: screenshots\screenshot_20250819_134313_434352.png
2025-08-19 13:43:13 - DEBUG - ['tesseract', 'C:\\Users\\60548\\AppData\\Local\\Temp\\tess_qfhp01r6_input.PNG', 'C:\\Users\\60548\\AppData\\Local\\Temp\\tess_qfhp01r6', '-l', 'eng', 'txt']
2025-08-19 13:43:13 - DEBUG - OCR识别结果: 'wilight Perion Forsaken Excavatio ('
2025-08-19 13:43:13 - DEBUG - 未找到关键词，检测失败
2025-08-19 13:43:13 - WARNING - ✗ 检测失败: 第一层文字检测
2025-08-19 13:43:13 - DEBUG - 等待 60 秒后执行下一次监控...
2025-08-19 13:43:41 - INFO - 日志系统初始化完成
2025-08-19 13:43:41 - DEBUG - 调试模式: True
2025-08-19 13:43:41 - INFO - 监控程序启动
2025-08-19 13:43:41 - INFO - 配置项: 2 个检测任务
2025-08-19 13:43:41 - INFO - 监控间隔: 60 秒
2025-08-19 13:43:41 - INFO - ==================================================
2025-08-19 13:43:41 - INFO - 开始新一轮监控循环
2025-08-19 13:43:41 - INFO - 开始检测: 第一层文字检测 (层级 1)
2025-08-19 13:43:41 - DEBUG - 截图已保存: screenshot_20250819_134341_159577.png
2025-08-19 13:43:41 - DEBUG - 已保存预处理后的图像: screenshots\screenshot_20250819_134341_216727.png
2025-08-19 13:43:41 - DEBUG - ['tesseract', 'C:\\Users\\60548\\AppData\\Local\\Temp\\tess_erhm1vu1_input.PNG', 'C:\\Users\\60548\\AppData\\Local\\Temp\\tess_erhm1vu1', '-l', 'eng', 'txt']
2025-08-19 13:43:41 - DEBUG - OCR识别结果: 'wilight Perion Forsaken Excavatio ('
2025-08-19 13:43:41 - DEBUG - 未找到关键词，检测失败
2025-08-19 13:43:41 - WARNING - ✗ 检测失败: 第一层文字检测
2025-08-19 13:43:41 - DEBUG - 等待 60 秒后执行下一次监控...
2025-08-19 13:44:28 - INFO - 日志系统初始化完成
2025-08-19 13:44:28 - DEBUG - 调试模式: True
2025-08-19 13:44:28 - INFO - 监控程序启动
2025-08-19 13:44:28 - INFO - 配置项: 2 个检测任务
2025-08-19 13:44:28 - INFO - 监控间隔: 60 秒
2025-08-19 13:44:28 - INFO - ==================================================
2025-08-19 13:44:28 - INFO - 开始新一轮监控循环
2025-08-19 13:44:28 - INFO - 开始检测: 第一层文字检测 (层级 1)
2025-08-19 13:44:28 - DEBUG - 截图已保存: screenshot_20250819_134428_521469.png
2025-08-19 13:44:28 - DEBUG - 已保存预处理后的图像: screenshots\screenshot_20250819_134428_576614.png
2025-08-19 13:44:28 - DEBUG - ['tesseract', 'C:\\Users\\60548\\AppData\\Local\\Temp\\tess_ta8tqico_input.PNG', 'C:\\Users\\60548\\AppData\\Local\\Temp\\tess_ta8tqico', '-l', 'eng', 'txt']
2025-08-19 13:44:28 - DEBUG - OCR识别结果: 'wilight Perion Forsaken Excavatio ('
2025-08-19 13:44:28 - DEBUG - 未找到关键词，检测失败
2025-08-19 13:44:28 - WARNING - ✗ 检测失败: 第一层文字检测
2025-08-19 13:44:28 - DEBUG - 等待 60 秒后执行下一次监控...
2025-08-19 13:48:38 - INFO - 日志系统初始化完成
2025-08-19 13:48:38 - DEBUG - 调试模式: True
2025-08-19 13:48:38 - INFO - 监控程序启动
2025-08-19 13:48:38 - INFO - 配置项: 2 个检测任务
2025-08-19 13:48:38 - INFO - 监控间隔: 60 秒
2025-08-19 13:48:38 - INFO - ==================================================
2025-08-19 13:48:38 - INFO - 开始新一轮监控循环
2025-08-19 13:48:38 - INFO - 开始检测: 第一层文字检测 (层级 1)
2025-08-19 13:48:38 - DEBUG - 截图已保存: screenshot_20250819_134838_956572.png
2025-08-19 13:48:39 - DEBUG - 已保存预处理后的图像: screenshots\screenshot_20250819_134839_010713.png
2025-08-19 13:48:39 - DEBUG - ['tesseract', 'C:\\Users\\60548\\AppData\\Local\\Temp\\tess_yr9xxi7b_input.PNG', 'C:\\Users\\60548\\AppData\\Local\\Temp\\tess_yr9xxi7b', '-l', 'eng', 'txt']
2025-08-19 13:48:39 - DEBUG - OCR识别结果: 'wilight Perion Forsaken Excavatio ('
2025-08-19 13:48:39 - DEBUG - 未找到关键词，检测失败
2025-08-19 13:48:39 - WARNING - ✗ 检测失败: 第一层文字检测
2025-08-19 13:48:39 - DEBUG - 等待 60 秒后执行下一次监控...
2025-08-19 13:49:39 - INFO - ==================================================
2025-08-19 13:49:39 - INFO - 开始新一轮监控循环
2025-08-19 13:49:39 - INFO - 开始检测: 第一层文字检测 (层级 1)
2025-08-19 13:49:39 - DEBUG - 截图已保存: screenshot_20250819_134939_292628.png
2025-08-19 13:49:39 - DEBUG - 已保存预处理后的图像: screenshots\screenshot_20250819_134939_313683.png
2025-08-19 13:49:39 - DEBUG - ['tesseract', 'C:\\Users\\60548\\AppData\\Local\\Temp\\tess_7ystbau1_input.PNG', 'C:\\Users\\60548\\AppData\\Local\\Temp\\tess_7ystbau1', '-l', 'eng', 'txt']
2025-08-19 13:49:39 - DEBUG - OCR识别结果: 'wilight Perion Forsaken Excavatio ('
2025-08-19 13:49:39 - DEBUG - 未找到关键词，检测失败
2025-08-19 13:49:39 - WARNING - ✗ 检测失败: 第一层文字检测
2025-08-19 13:49:39 - DEBUG - 等待 60 秒后执行下一次监控...
2025-08-19 13:50:39 - INFO - ==================================================
2025-08-19 13:50:39 - INFO - 开始新一轮监控循环
2025-08-19 13:50:39 - INFO - 开始检测: 第一层文字检测 (层级 1)
2025-08-19 13:50:39 - DEBUG - 截图已保存: screenshot_20250819_135039_581540.png
2025-08-19 13:50:39 - DEBUG - 已保存预处理后的图像: screenshots\screenshot_20250819_135039_604430.png
2025-08-19 13:50:39 - DEBUG - ['tesseract', 'C:\\Users\\60548\\AppData\\Local\\Temp\\tess_7c4oecvj_input.PNG', 'C:\\Users\\60548\\AppData\\Local\\Temp\\tess_7c4oecvj', '-l', 'eng', 'txt']
2025-08-19 13:50:39 - DEBUG - OCR识别结果: 'wilight Perion Forsaken Excavatio ('
2025-08-19 13:50:39 - DEBUG - 未找到关键词，检测失败
2025-08-19 13:50:39 - WARNING - ✗ 检测失败: 第一层文字检测
2025-08-19 13:50:39 - DEBUG - 等待 60 秒后执行下一次监控...
2025-08-19 13:51:39 - INFO - ==================================================
2025-08-19 13:51:39 - INFO - 开始新一轮监控循环
2025-08-19 13:51:39 - INFO - 开始检测: 第一层文字检测 (层级 1)
2025-08-19 13:51:39 - DEBUG - 截图已保存: screenshot_20250819_135139_886789.png
2025-08-19 13:51:39 - DEBUG - 已保存预处理后的图像: screenshots\screenshot_20250819_135139_908847.png
2025-08-19 13:51:39 - DEBUG - ['tesseract', 'C:\\Users\\60548\\AppData\\Local\\Temp\\tess__ces9z_h_input.PNG', 'C:\\Users\\60548\\AppData\\Local\\Temp\\tess__ces9z_h', '-l', 'eng', 'txt']
2025-08-19 13:51:40 - DEBUG - OCR识别结果: 'wilight Perion Forsaken Excavatio ('
2025-08-19 13:51:40 - DEBUG - 未找到关键词，检测失败
2025-08-19 13:51:40 - WARNING - ✗ 检测失败: 第一层文字检测
2025-08-19 13:51:40 - DEBUG - 等待 60 秒后执行下一次监控...
2025-08-19 13:52:40 - INFO - ==================================================
2025-08-19 13:52:40 - INFO - 开始新一轮监控循环
2025-08-19 13:52:40 - INFO - 开始检测: 第一层文字检测 (层级 1)
2025-08-19 13:52:40 - DEBUG - 截图已保存: screenshot_20250819_135240_175888.png
2025-08-19 13:52:40 - DEBUG - 已保存预处理后的图像: screenshots\screenshot_20250819_135240_195940.png
2025-08-19 13:52:40 - DEBUG - ['tesseract', 'C:\\Users\\60548\\AppData\\Local\\Temp\\tess_8ig664ow_input.PNG', 'C:\\Users\\60548\\AppData\\Local\\Temp\\tess_8ig664ow', '-l', 'eng', 'txt']
2025-08-19 13:52:40 - DEBUG - OCR识别结果: 'wilight Perion Forsaken Excavatio ('
2025-08-19 13:52:40 - DEBUG - 未找到关键词，检测失败
2025-08-19 13:52:40 - WARNING - ✗ 检测失败: 第一层文字检测
2025-08-19 13:52:40 - DEBUG - 等待 60 秒后执行下一次监控...
2025-08-19 13:53:40 - INFO - ==================================================
2025-08-19 13:53:40 - INFO - 开始新一轮监控循环
2025-08-19 13:53:40 - INFO - 开始检测: 第一层文字检测 (层级 1)
2025-08-19 13:53:40 - DEBUG - 截图已保存: screenshot_20250819_135340_468040.png
2025-08-19 13:53:40 - DEBUG - 已保存预处理后的图像: screenshots\screenshot_20250819_135340_492102.png
2025-08-19 13:53:40 - DEBUG - ['tesseract', 'C:\\Users\\60548\\AppData\\Local\\Temp\\tess_nt2a71gz_input.PNG', 'C:\\Users\\60548\\AppData\\Local\\Temp\\tess_nt2a71gz', '-l', 'eng', 'txt']
2025-08-19 13:53:40 - DEBUG - OCR识别结果: 'wilight Perion Forsaken Excavatio ('
2025-08-19 13:53:40 - DEBUG - 未找到关键词，检测失败
2025-08-19 13:53:40 - WARNING - ✗ 检测失败: 第一层文字检测
2025-08-19 13:53:40 - DEBUG - 等待 60 秒后执行下一次监控...
2025-08-19 14:06:52 - INFO - 日志系统初始化完成
2025-08-19 14:06:52 - DEBUG - 调试模式: True
2025-08-19 14:06:52 - INFO - 监控程序启动
2025-08-19 14:06:52 - INFO - 配置项: 2 个检测任务
2025-08-19 14:06:52 - INFO - 监控间隔: 60 秒
2025-08-19 14:06:52 - INFO - ==================================================
2025-08-19 14:06:52 - INFO - 开始新一轮监控循环
2025-08-19 14:06:52 - INFO - 开始检测: 第一层文字检测 (层级 1)
2025-08-19 14:06:52 - DEBUG - 截图已保存: screenshot_20250819_140652_307447.png
2025-08-19 14:06:52 - DEBUG - ['tesseract', 'C:\\Users\\60548\\AppData\\Local\\Temp\\tess_5kl7t3oz_input.PNG', 'C:\\Users\\60548\\AppData\\Local\\Temp\\tess_5kl7t3oz', '-l', 'eng', 'txt']
2025-08-19 14:06:52 - DEBUG - OCR识别结果: 'wilight Perion Forsaken Excavatio ('
2025-08-19 14:06:52 - DEBUG - 未找到关键词，检测失败
2025-08-19 14:06:52 - WARNING - ✗ 检测失败: 第一层文字检测
2025-08-19 14:06:52 - DEBUG - 等待 60 秒后执行下一次监控...
2025-08-19 14:07:45 - INFO - 日志系统初始化完成
2025-08-19 14:07:45 - DEBUG - 调试模式: True
2025-08-19 14:07:45 - INFO - 监控程序启动
2025-08-19 14:07:45 - INFO - 配置项: 2 个检测任务
2025-08-19 14:07:45 - INFO - 监控间隔: 60 秒
2025-08-19 14:07:45 - INFO - ==================================================
2025-08-19 14:07:45 - INFO - 开始新一轮监控循环
2025-08-19 14:07:45 - INFO - 开始检测: 第一层文字检测 (层级 1)
2025-08-19 14:07:45 - DEBUG - 截图已保存: screenshot_20250819_140745_688832.png
2025-08-19 14:07:45 - DEBUG - 已保存预处理后的图像: screenshots\screenshot_20250819_140745_740968.png
2025-08-19 14:07:45 - DEBUG - ['tesseract', 'C:\\Users\\60548\\AppData\\Local\\Temp\\tess_xf22gipb_input.PNG', 'C:\\Users\\60548\\AppData\\Local\\Temp\\tess_xf22gipb', '-l', 'eng', 'txt']
2025-08-19 14:07:45 - DEBUG - OCR识别结果: 'wilight Perion Forsaken Excavatio ('
2025-08-19 14:07:45 - DEBUG - 未找到关键词，检测失败
2025-08-19 14:07:45 - WARNING - ✗ 检测失败: 第一层文字检测
2025-08-19 14:07:45 - DEBUG - 等待 60 秒后执行下一次监控...
2025-08-19 14:08:45 - INFO - ==================================================
2025-08-19 14:08:45 - INFO - 开始新一轮监控循环
2025-08-19 14:08:45 - INFO - 开始检测: 第一层文字检测 (层级 1)
2025-08-19 14:08:46 - DEBUG - 截图已保存: screenshot_20250819_140846_008218.png
2025-08-19 14:08:46 - DEBUG - 已保存预处理后的图像: screenshots\screenshot_20250819_140846_032176.png
2025-08-19 14:08:46 - DEBUG - ['tesseract', 'C:\\Users\\60548\\AppData\\Local\\Temp\\tess_rymtaff8_input.PNG', 'C:\\Users\\60548\\AppData\\Local\\Temp\\tess_rymtaff8', '-l', 'eng', 'txt']
2025-08-19 14:08:46 - DEBUG - OCR识别结果: 'wilight Perion Forsaken Excavatio ('
2025-08-19 14:08:46 - DEBUG - 未找到关键词，检测失败
2025-08-19 14:08:46 - WARNING - ✗ 检测失败: 第一层文字检测
2025-08-19 14:08:46 - DEBUG - 等待 60 秒后执行下一次监控...
2025-08-19 14:09:46 - INFO - ==================================================
2025-08-19 14:09:46 - INFO - 开始新一轮监控循环
2025-08-19 14:09:46 - INFO - 开始检测: 第一层文字检测 (层级 1)
2025-08-19 14:09:46 - DEBUG - 截图已保存: screenshot_20250819_140946_295533.png
2025-08-19 14:09:46 - DEBUG - 已保存预处理后的图像: screenshots\screenshot_20250819_140946_316309.png
2025-08-19 14:09:46 - DEBUG - ['tesseract', 'C:\\Users\\60548\\AppData\\Local\\Temp\\tess_w4r5sv5z_input.PNG', 'C:\\Users\\60548\\AppData\\Local\\Temp\\tess_w4r5sv5z', '-l', 'eng', 'txt']
2025-08-19 14:09:46 - DEBUG - OCR识别结果: 'wilight Perion Forsaken Excavatio ('
2025-08-19 14:09:46 - DEBUG - 未找到关键词，检测失败
2025-08-19 14:09:46 - WARNING - ✗ 检测失败: 第一层文字检测
2025-08-19 14:09:46 - DEBUG - 等待 60 秒后执行下一次监控...
2025-08-19 14:10:46 - INFO - ==================================================
2025-08-19 14:10:46 - INFO - 开始新一轮监控循环
2025-08-19 14:10:46 - INFO - 开始检测: 第一层文字检测 (层级 1)
2025-08-19 14:10:46 - DEBUG - 截图已保存: screenshot_20250819_141046_585512.png
2025-08-19 14:10:46 - DEBUG - 已保存预处理后的图像: screenshots\screenshot_20250819_141046_604562.png
2025-08-19 14:10:46 - DEBUG - ['tesseract', 'C:\\Users\\60548\\AppData\\Local\\Temp\\tess_i2b01xdb_input.PNG', 'C:\\Users\\60548\\AppData\\Local\\Temp\\tess_i2b01xdb', '-l', 'eng', 'txt']
2025-08-19 14:10:46 - DEBUG - OCR识别结果: 'wilight Perion Forsaken Excavatio ('
2025-08-19 14:10:46 - DEBUG - 未找到关键词，检测失败
2025-08-19 14:10:46 - WARNING - ✗ 检测失败: 第一层文字检测
2025-08-19 14:10:46 - DEBUG - 等待 60 秒后执行下一次监控...
2025-08-19 14:11:46 - INFO - ==================================================
2025-08-19 14:11:46 - INFO - 开始新一轮监控循环
2025-08-19 14:11:46 - INFO - 开始检测: 第一层文字检测 (层级 1)
2025-08-19 14:11:46 - DEBUG - 截图已保存: screenshot_20250819_141146_873001.png
2025-08-19 14:11:46 - DEBUG - 已保存预处理后的图像: screenshots\screenshot_20250819_141146_896061.png
2025-08-19 14:11:46 - DEBUG - ['tesseract', 'C:\\Users\\60548\\AppData\\Local\\Temp\\tess_6lc1pwj4_input.PNG', 'C:\\Users\\60548\\AppData\\Local\\Temp\\tess_6lc1pwj4', '-l', 'eng', 'txt']
2025-08-19 14:11:47 - DEBUG - OCR识别结果: 'wilight Perion Forsaken Excavatio ('
2025-08-19 14:11:47 - DEBUG - 未找到关键词，检测失败
2025-08-19 14:11:47 - WARNING - ✗ 检测失败: 第一层文字检测
2025-08-19 14:11:47 - DEBUG - 等待 60 秒后执行下一次监控...
2025-08-19 14:12:47 - INFO - ==================================================
2025-08-19 14:12:47 - INFO - 开始新一轮监控循环
2025-08-19 14:12:47 - INFO - 开始检测: 第一层文字检测 (层级 1)
2025-08-19 14:12:47 - DEBUG - 截图已保存: screenshot_20250819_141247_162200.png
2025-08-19 14:12:47 - DEBUG - 已保存预处理后的图像: screenshots\screenshot_20250819_141247_187261.png
2025-08-19 14:12:47 - DEBUG - ['tesseract', 'C:\\Users\\60548\\AppData\\Local\\Temp\\tess_jwxaz_1p_input.PNG', 'C:\\Users\\60548\\AppData\\Local\\Temp\\tess_jwxaz_1p', '-l', 'eng', 'txt']
2025-08-19 14:12:47 - DEBUG - OCR识别结果: 'wilight Perion Forsaken Excavatio ('
2025-08-19 14:12:47 - DEBUG - 未找到关键词，检测失败
2025-08-19 14:12:47 - WARNING - ✗ 检测失败: 第一层文字检测
2025-08-19 14:12:47 - DEBUG - 等待 60 秒后执行下一次监控...
2025-08-19 14:13:47 - INFO - ==================================================
2025-08-19 14:13:47 - INFO - 开始新一轮监控循环
2025-08-19 14:13:47 - INFO - 开始检测: 第一层文字检测 (层级 1)
2025-08-19 14:13:47 - DEBUG - 截图已保存: screenshot_20250819_141347_450952.png
2025-08-19 14:13:47 - DEBUG - 已保存预处理后的图像: screenshots\screenshot_20250819_141347_470476.png
2025-08-19 14:13:47 - DEBUG - ['tesseract', 'C:\\Users\\60548\\AppData\\Local\\Temp\\tess_nr2gj1j2_input.PNG', 'C:\\Users\\60548\\AppData\\Local\\Temp\\tess_nr2gj1j2', '-l', 'eng', 'txt']
2025-08-19 14:13:47 - DEBUG - OCR识别结果: 'wilight Perion Forsaken Excavatio ('
2025-08-19 14:13:47 - DEBUG - 未找到关键词，检测失败
2025-08-19 14:13:47 - WARNING - ✗ 检测失败: 第一层文字检测
2025-08-19 14:13:47 - DEBUG - 等待 60 秒后执行下一次监控...
2025-08-19 14:14:47 - INFO - ==================================================
2025-08-19 14:14:47 - INFO - 开始新一轮监控循环
2025-08-19 14:14:47 - INFO - 开始检测: 第一层文字检测 (层级 1)
2025-08-19 14:14:47 - DEBUG - 截图已保存: screenshot_20250819_141447_744643.png
2025-08-19 14:14:47 - DEBUG - 已保存预处理后的图像: screenshots\screenshot_20250819_141447_767704.png
2025-08-19 14:14:47 - DEBUG - ['tesseract', 'C:\\Users\\60548\\AppData\\Local\\Temp\\tess_2ep58bn8_input.PNG', 'C:\\Users\\60548\\AppData\\Local\\Temp\\tess_2ep58bn8', '-l', 'eng', 'txt']
2025-08-19 14:14:47 - DEBUG - OCR识别结果: 'wilight Perion Forsaken Excavatio ('
2025-08-19 14:14:47 - DEBUG - 未找到关键词，检测失败
2025-08-19 14:14:47 - WARNING - ✗ 检测失败: 第一层文字检测
2025-08-19 14:14:47 - DEBUG - 等待 60 秒后执行下一次监控...
2025-08-19 14:44:39 - INFO - 日志系统初始化完成
2025-08-19 14:44:39 - DEBUG - 调试模式: True
2025-08-19 14:44:39 - INFO - 监控程序启动
2025-08-19 14:44:39 - INFO - 配置项: 2 个检测任务
2025-08-19 14:44:39 - INFO - 监控间隔: 60 秒
2025-08-19 14:44:39 - INFO - ==================================================
2025-08-19 14:44:39 - INFO - 开始新一轮监控循环
2025-08-19 14:44:39 - INFO - 开始检测: 第一层文字检测 (层级 1)
2025-08-19 14:44:39 - DEBUG - 截图已保存: screenshot_20250819_144439_950006.png
2025-08-19 14:44:40 - DEBUG - 已保存预处理后的图像: screenshots\screenshot_20250819_144440_004472.png
2025-08-19 14:44:40 - DEBUG - ['tesseract', 'C:\\Users\\60548\\AppData\\Local\\Temp\\tess_adwx5ms8_input.PNG', 'C:\\Users\\60548\\AppData\\Local\\Temp\\tess_adwx5ms8', '-l', 'eng', 'txt']
2025-08-19 14:44:40 - DEBUG - OCR识别结果: 'wilight Perion Forsaken Excavatio ('
2025-08-19 14:44:40 - DEBUG - 未找到关键词，检测失败
2025-08-19 14:44:40 - WARNING - ✗ 检测失败: 第一层文字检测
2025-08-19 14:44:40 - DEBUG - 等待 60 秒后执行下一次监控...
2025-08-19 14:45:40 - INFO - ==================================================
2025-08-19 14:45:40 - INFO - 开始新一轮监控循环
2025-08-19 14:45:40 - INFO - 开始检测: 第一层文字检测 (层级 1)
2025-08-19 14:45:40 - DEBUG - 截图已保存: screenshot_20250819_144540_275401.png
2025-08-19 14:45:40 - DEBUG - 已保存预处理后的图像: screenshots\screenshot_20250819_144540_302901.png
2025-08-19 14:45:40 - DEBUG - ['tesseract', 'C:\\Users\\60548\\AppData\\Local\\Temp\\tess_vmy1jpnx_input.PNG', 'C:\\Users\\60548\\AppData\\Local\\Temp\\tess_vmy1jpnx', '-l', 'eng', 'txt']
2025-08-19 14:45:40 - DEBUG - OCR识别结果: 'wilight Perion Forsaken Excavatio ('
2025-08-19 14:45:40 - DEBUG - 未找到关键词，检测失败
2025-08-19 14:45:40 - WARNING - ✗ 检测失败: 第一层文字检测
2025-08-19 14:45:40 - DEBUG - 等待 60 秒后执行下一次监控...
2025-08-19 14:46:40 - INFO - ==================================================
2025-08-19 14:46:40 - INFO - 开始新一轮监控循环
2025-08-19 14:46:40 - INFO - 开始检测: 第一层文字检测 (层级 1)
2025-08-19 14:46:40 - DEBUG - 截图已保存: screenshot_20250819_144640_669763.png
2025-08-19 14:46:40 - DEBUG - 已保存预处理后的图像: screenshots\screenshot_20250819_144640_692820.png
2025-08-19 14:46:40 - DEBUG - ['tesseract', 'C:\\Users\\60548\\AppData\\Local\\Temp\\tess_il75c411_input.PNG', 'C:\\Users\\60548\\AppData\\Local\\Temp\\tess_il75c411', '-l', 'eng', 'txt']
2025-08-19 14:46:40 - DEBUG - OCR识别结果: 'wilight Perion Forsaken Excavatio ('
2025-08-19 14:46:40 - DEBUG - 未找到关键词，检测失败
2025-08-19 14:46:40 - WARNING - ✗ 检测失败: 第一层文字检测
2025-08-19 14:46:40 - DEBUG - 等待 60 秒后执行下一次监控...
2025-08-19 16:20:33 - INFO - 日志系统初始化完成
2025-08-19 16:20:33 - DEBUG - 调试模式: True
2025-08-19 16:20:33 - INFO - 监控程序启动
2025-08-19 16:20:33 - INFO - 配置项: 2 个检测任务
2025-08-19 16:20:33 - INFO - 监控间隔: 60 秒
2025-08-19 16:20:33 - INFO - ==================================================
2025-08-19 16:20:33 - INFO - 开始新一轮监控循环
2025-08-19 16:20:33 - INFO - 开始检测: 模板匹配检测 (层级 1)
2025-08-19 16:20:33 - DEBUG - 截图已保存: screenshot_20250819_162033_514256.png
2025-08-19 16:20:33 - ERROR - 模板文件不存在: dead.png
2025-08-19 16:20:33 - WARNING - ✗ 检测失败: 模板匹配检测
2025-08-19 16:20:33 - DEBUG - 等待 60 秒后执行下一次监控...
2025-08-19 16:21:06 - INFO - 日志系统初始化完成
2025-08-19 16:21:06 - DEBUG - 调试模式: True
2025-08-19 16:21:06 - INFO - 监控程序启动
2025-08-19 16:21:06 - INFO - 配置项: 2 个检测任务
2025-08-19 16:21:06 - INFO - 监控间隔: 60 秒
2025-08-19 16:21:06 - INFO - ==================================================
2025-08-19 16:21:06 - INFO - 开始新一轮监控循环
2025-08-19 16:21:06 - INFO - 开始检测: 模板匹配检测 (层级 1)
2025-08-19 16:21:07 - DEBUG - 截图已保存: screenshot_20250819_162106_863082.png
2025-08-19 16:21:07 - DEBUG - 模板匹配失败，相似度: 0.622 < 阈值: 0.8
2025-08-19 16:21:07 - WARNING - ✗ 检测失败: 模板匹配检测
2025-08-19 16:21:07 - DEBUG - 等待 60 秒后执行下一次监控...
2025-08-19 16:22:07 - INFO - ==================================================
2025-08-19 16:22:07 - INFO - 开始新一轮监控循环
2025-08-19 16:22:07 - INFO - 开始检测: 模板匹配检测 (层级 1)
2025-08-19 16:22:07 - DEBUG - 截图已保存: screenshot_20250819_162207_337786.png
2025-08-19 16:22:07 - DEBUG - 模板匹配失败，相似度: 0.622 < 阈值: 0.8
2025-08-19 16:22:07 - WARNING - ✗ 检测失败: 模板匹配检测
2025-08-19 16:22:07 - DEBUG - 等待 60 秒后执行下一次监控...
2025-08-19 16:23:07 - INFO - ==================================================
2025-08-19 16:23:07 - INFO - 开始新一轮监控循环
2025-08-19 16:23:07 - INFO - 开始检测: 模板匹配检测 (层级 1)
2025-08-19 16:23:08 - DEBUG - 截图已保存: screenshot_20250819_162307_785123.png
2025-08-19 16:23:08 - DEBUG - 模板匹配失败，相似度: 0.622 < 阈值: 0.8
2025-08-19 16:23:08 - WARNING - ✗ 检测失败: 模板匹配检测
2025-08-19 16:23:08 - DEBUG - 等待 60 秒后执行下一次监控...
2025-08-19 16:24:08 - INFO - ==================================================
2025-08-19 16:24:08 - INFO - 开始新一轮监控循环
2025-08-19 16:24:08 - INFO - 开始检测: 模板匹配检测 (层级 1)
2025-08-19 16:24:08 - DEBUG - 截图已保存: screenshot_20250819_162408_229621.png
2025-08-19 16:24:08 - DEBUG - 模板匹配失败，相似度: 0.622 < 阈值: 0.8
2025-08-19 16:24:08 - WARNING - ✗ 检测失败: 模板匹配检测
2025-08-19 16:24:08 - DEBUG - 等待 60 秒后执行下一次监控...
2025-08-19 16:25:08 - INFO - ==================================================
2025-08-19 16:25:08 - INFO - 开始新一轮监控循环
2025-08-19 16:25:08 - INFO - 开始检测: 模板匹配检测 (层级 1)
2025-08-19 16:25:08 - DEBUG - 截图已保存: screenshot_20250819_162508_706604.png
2025-08-19 16:25:09 - DEBUG - 模板匹配失败，相似度: 0.622 < 阈值: 0.8
2025-08-19 16:25:09 - WARNING - ✗ 检测失败: 模板匹配检测
2025-08-19 16:25:09 - DEBUG - 等待 60 秒后执行下一次监控...
2025-08-19 16:26:09 - INFO - ==================================================
2025-08-19 16:26:09 - INFO - 开始新一轮监控循环
2025-08-19 16:26:09 - INFO - 开始检测: 模板匹配检测 (层级 1)
2025-08-19 16:26:09 - DEBUG - 截图已保存: screenshot_20250819_162609_137339.png
2025-08-19 16:26:09 - DEBUG - 模板匹配失败，相似度: 0.622 < 阈值: 0.8
2025-08-19 16:26:09 - WARNING - ✗ 检测失败: 模板匹配检测
2025-08-19 16:26:09 - DEBUG - 等待 60 秒后执行下一次监控...
2025-08-19 16:27:09 - INFO - ==================================================
2025-08-19 16:27:09 - INFO - 开始新一轮监控循环
2025-08-19 16:27:09 - INFO - 开始检测: 模板匹配检测 (层级 1)
2025-08-19 16:27:09 - DEBUG - 截图已保存: screenshot_20250819_162709_557673.png
2025-08-19 16:27:09 - DEBUG - 模板匹配失败，相似度: 0.622 < 阈值: 0.8
2025-08-19 16:27:09 - WARNING - ✗ 检测失败: 模板匹配检测
2025-08-19 16:27:09 - DEBUG - 等待 60 秒后执行下一次监控...
2025-08-19 16:27:31 - INFO - 日志系统初始化完成
2025-08-19 16:27:31 - DEBUG - 调试模式: True
2025-08-19 16:27:31 - INFO - 监控程序启动
2025-08-19 16:27:31 - INFO - 配置项: 2 个检测任务
2025-08-19 16:27:31 - INFO - 监控间隔: 60 秒
2025-08-19 16:27:31 - INFO - ==================================================
2025-08-19 16:27:31 - INFO - 开始新一轮监控循环
2025-08-19 16:27:31 - INFO - 开始检测: 模板匹配检测 (层级 1)
2025-08-19 16:27:31 - DEBUG - 截图已保存: screenshot_20250819_162731_576683.png
2025-08-19 16:27:31 - DEBUG - 模板匹配失败，相似度: 0.487 < 阈值: 0.8
2025-08-19 16:27:31 - WARNING - ✗ 检测失败: 模板匹配检测
2025-08-19 16:27:31 - DEBUG - 等待 60 秒后执行下一次监控...
2025-08-19 16:28:31 - INFO - ==================================================
2025-08-19 16:28:31 - INFO - 开始新一轮监控循环
2025-08-19 16:28:31 - INFO - 开始检测: 模板匹配检测 (层级 1)
2025-08-19 16:28:31 - DEBUG - 截图已保存: screenshot_20250819_162831_678281.png
2025-08-19 16:28:31 - DEBUG - 模板匹配失败，相似度: 0.487 < 阈值: 0.8
2025-08-19 16:28:31 - WARNING - ✗ 检测失败: 模板匹配检测
2025-08-19 16:28:31 - DEBUG - 等待 60 秒后执行下一次监控...
2025-08-19 16:28:44 - INFO - 日志系统初始化完成
2025-08-19 16:28:44 - DEBUG - 调试模式: True
2025-08-19 16:28:44 - INFO - 监控程序启动
2025-08-19 16:28:44 - INFO - 配置项: 2 个检测任务
2025-08-19 16:28:44 - INFO - 监控间隔: 60 秒
2025-08-19 16:28:44 - INFO - ==================================================
2025-08-19 16:28:44 - INFO - 开始新一轮监控循环
2025-08-19 16:28:44 - INFO - 开始检测: 模板匹配检测 (层级 1)
2025-08-19 16:28:44 - DEBUG - 截图已保存: screenshot_20250819_162844_919912.png
2025-08-19 16:28:44 - DEBUG - 模板匹配失败，相似度: 0.505 < 阈值: 0.8
2025-08-19 16:28:44 - WARNING - ✗ 检测失败: 模板匹配检测
2025-08-19 16:28:44 - DEBUG - 等待 60 秒后执行下一次监控...
2025-08-19 16:29:07 - INFO - 日志系统初始化完成
2025-08-19 16:29:07 - DEBUG - 调试模式: True
2025-08-19 16:29:07 - INFO - 监控程序启动
2025-08-19 16:29:07 - INFO - 配置项: 2 个检测任务
2025-08-19 16:29:07 - INFO - 监控间隔: 60 秒
2025-08-19 16:29:07 - INFO - ==================================================
2025-08-19 16:29:07 - INFO - 开始新一轮监控循环
2025-08-19 16:29:07 - INFO - 开始检测: 模板匹配检测 (层级 1)
2025-08-19 16:29:07 - DEBUG - 截图已保存: screenshot_20250819_162907_321349.png
2025-08-19 16:29:07 - DEBUG - 模板匹配失败，相似度: 0.390 < 阈值: 0.8
2025-08-19 16:29:07 - WARNING - ✗ 检测失败: 模板匹配检测
2025-08-19 16:29:07 - DEBUG - 等待 60 秒后执行下一次监控...
2025-08-19 16:29:32 - INFO - 日志系统初始化完成
2025-08-19 16:29:32 - DEBUG - 调试模式: True
2025-08-19 16:29:32 - INFO - 监控程序启动
2025-08-19 16:29:32 - INFO - 配置项: 2 个检测任务
2025-08-19 16:29:32 - INFO - 监控间隔: 60 秒
2025-08-19 16:29:32 - INFO - ==================================================
2025-08-19 16:29:32 - INFO - 开始新一轮监控循环
2025-08-19 16:29:32 - INFO - 开始检测: 模板匹配检测 (层级 1)
2025-08-19 16:29:32 - DEBUG - 截图已保存: screenshot_20250819_162932_606841.png
2025-08-19 16:29:32 - DEBUG - 模板匹配失败，相似度: 0.505 < 阈值: 0.8
2025-08-19 16:29:32 - WARNING - ✗ 检测失败: 模板匹配检测
2025-08-19 16:29:32 - DEBUG - 等待 60 秒后执行下一次监控...
2025-08-19 16:29:53 - INFO - 日志系统初始化完成
2025-08-19 16:29:53 - DEBUG - 调试模式: True
2025-08-19 16:29:53 - INFO - 监控程序启动
2025-08-19 16:29:53 - INFO - 配置项: 2 个检测任务
2025-08-19 16:29:53 - INFO - 监控间隔: 60 秒
2025-08-19 16:29:53 - INFO - ==================================================
2025-08-19 16:29:53 - INFO - 开始新一轮监控循环
2025-08-19 16:29:53 - INFO - 开始检测: 模板匹配检测 (层级 1)
2025-08-19 16:29:53 - DEBUG - 截图已保存: screenshot_20250819_162953_773879.png
2025-08-19 16:29:53 - DEBUG - 模板匹配失败，相似度: 0.505 < 阈值: 0.8
2025-08-19 16:29:53 - WARNING - ✗ 检测失败: 模板匹配检测
2025-08-19 16:29:53 - DEBUG - 等待 60 秒后执行下一次监控...
2025-08-19 16:30:53 - INFO - ==================================================
2025-08-19 16:30:53 - INFO - 开始新一轮监控循环
2025-08-19 16:30:53 - INFO - 开始检测: 模板匹配检测 (层级 1)
2025-08-19 16:30:54 - DEBUG - 截图已保存: screenshot_20250819_163053_945382.png
2025-08-19 16:30:54 - DEBUG - 模板匹配失败，相似度: 0.505 < 阈值: 0.8
2025-08-19 16:30:54 - WARNING - ✗ 检测失败: 模板匹配检测
2025-08-19 16:30:54 - DEBUG - 等待 60 秒后执行下一次监控...
2025-08-19 16:31:54 - INFO - ==================================================
2025-08-19 16:31:54 - INFO - 开始新一轮监控循环
2025-08-19 16:31:54 - INFO - 开始检测: 模板匹配检测 (层级 1)
2025-08-19 16:31:54 - DEBUG - 截图已保存: screenshot_20250819_163154_081816.png
2025-08-19 16:31:54 - DEBUG - 模板匹配失败，相似度: 0.505 < 阈值: 0.8
2025-08-19 16:31:54 - WARNING - ✗ 检测失败: 模板匹配检测
2025-08-19 16:31:54 - DEBUG - 等待 60 秒后执行下一次监控...
2025-08-19 16:32:54 - INFO - ==================================================
2025-08-19 16:32:54 - INFO - 开始新一轮监控循环
2025-08-19 16:32:54 - INFO - 开始检测: 模板匹配检测 (层级 1)
2025-08-19 16:32:54 - DEBUG - 截图已保存: screenshot_20250819_163254_218642.png
2025-08-19 16:32:54 - DEBUG - 模板匹配失败，相似度: 0.505 < 阈值: 0.8
2025-08-19 16:32:54 - WARNING - ✗ 检测失败: 模板匹配检测
2025-08-19 16:32:54 - DEBUG - 等待 60 秒后执行下一次监控...
2025-08-19 16:33:48 - INFO - 日志系统初始化完成
2025-08-19 16:33:48 - DEBUG - 调试模式: True
2025-08-19 16:33:48 - INFO - 监控程序启动
2025-08-19 16:33:48 - INFO - 配置项: 2 个检测任务
2025-08-19 16:33:48 - INFO - 监控间隔: 60 秒
2025-08-19 16:33:48 - INFO - ==================================================
2025-08-19 16:33:48 - INFO - 开始新一轮监控循环
2025-08-19 16:33:48 - INFO - 开始检测: 模板匹配检测 (层级 1)
2025-08-19 16:33:48 - DEBUG - 截图已保存: screenshot_20250819_163348_916361.png
2025-08-19 16:33:48 - ERROR - 模板匹配失败: OpenCV(4.12.0) :-1: error: (-5:Bad argument) in function 'matchTemplate'
> Overload resolution failed:
>  - image is not a numpy array, neither a scalar
>  - Expected Ptr<cv::UMat> for argument 'image'

2025-08-19 16:33:48 - WARNING - ✗ 检测失败: 模板匹配检测
2025-08-19 16:33:48 - DEBUG - 等待 60 秒后执行下一次监控...
2025-08-19 16:34:49 - INFO - ==================================================
2025-08-19 16:34:49 - INFO - 开始新一轮监控循环
2025-08-19 16:34:49 - INFO - 开始检测: 模板匹配检测 (层级 1)
2025-08-19 16:34:49 - DEBUG - 截图已保存: screenshot_20250819_163449_053016.png
2025-08-19 16:34:49 - ERROR - 模板匹配失败: OpenCV(4.12.0) :-1: error: (-5:Bad argument) in function 'matchTemplate'
> Overload resolution failed:
>  - image is not a numpy array, neither a scalar
>  - Expected Ptr<cv::UMat> for argument 'image'

2025-08-19 16:34:49 - WARNING - ✗ 检测失败: 模板匹配检测
2025-08-19 16:34:49 - DEBUG - 等待 60 秒后执行下一次监控...
2025-08-19 16:34:55 - INFO - 日志系统初始化完成
2025-08-19 16:34:55 - DEBUG - 调试模式: True
2025-08-19 16:34:55 - INFO - 监控程序启动
2025-08-19 16:34:55 - INFO - 配置项: 2 个检测任务
2025-08-19 16:34:55 - INFO - 监控间隔: 60 秒
2025-08-19 16:34:55 - INFO - ==================================================
2025-08-19 16:34:55 - INFO - 开始新一轮监控循环
2025-08-19 16:34:55 - INFO - 开始检测: 模板匹配检测 (层级 1)
2025-08-19 16:34:55 - DEBUG - 截图已保存: screenshot_20250819_163455_465197.png
2025-08-19 16:34:55 - ERROR - 检测过程中发生异常 模板匹配检测: name 'template_path' is not defined
Traceback (most recent call last):
  File "c:\Users\60548\Desktop\program\mt\main.py", line 390, in execute_detection
    success = template_detection(config, level)
  File "c:\Users\60548\Desktop\program\mt\main.py", line 514, in template_detection
    template = cv2.imread(template_path, 0)
NameError: name 'template_path' is not defined
2025-08-19 16:34:55 - DEBUG - 等待 60 秒后执行下一次监控...
2025-08-19 16:35:24 - INFO - 日志系统初始化完成
2025-08-19 16:35:24 - DEBUG - 调试模式: True
2025-08-19 16:35:24 - INFO - 监控程序启动
2025-08-19 16:35:24 - INFO - 配置项: 2 个检测任务
2025-08-19 16:35:24 - INFO - 监控间隔: 60 秒
2025-08-19 16:35:24 - INFO - ==================================================
2025-08-19 16:35:24 - INFO - 开始新一轮监控循环
2025-08-19 16:35:24 - INFO - 开始检测: 模板匹配检测 (层级 1)
2025-08-19 16:35:25 - DEBUG - 截图已保存: screenshot_20250819_163524_993945.png
2025-08-19 16:35:25 - ERROR - 检测过程中发生异常 模板匹配检测: name 'full_screenshot' is not defined
Traceback (most recent call last):
  File "c:\Users\60548\Desktop\program\mt\main.py", line 390, in execute_detection
    success = template_detection(config, level)
  File "c:\Users\60548\Desktop\program\mt\main.py", line 516, in template_detection
    gray_screen = cv2.cvtColor(np.array(full_screenshot), cv2.COLOR_RGB2GRAY)
NameError: name 'full_screenshot' is not defined
2025-08-19 16:35:25 - DEBUG - 等待 60 秒后执行下一次监控...
2025-08-19 16:35:40 - INFO - 日志系统初始化完成
2025-08-19 16:35:40 - DEBUG - 调试模式: True
2025-08-19 16:35:40 - INFO - 监控程序启动
2025-08-19 16:35:40 - INFO - 配置项: 2 个检测任务
2025-08-19 16:35:40 - INFO - 监控间隔: 60 秒
2025-08-19 16:35:40 - INFO - ==================================================
2025-08-19 16:35:40 - INFO - 开始新一轮监控循环
2025-08-19 16:35:40 - INFO - 开始检测: 模板匹配检测 (层级 1)
2025-08-19 16:35:40 - DEBUG - 截图已保存: screenshot_20250819_163540_230959.png
2025-08-19 16:35:40 - ERROR - 模板文件不存在: [[49 49 49 ... 46 47 48]
 [49 50 50 ... 45 46 47]
 [49 49 50 ... 44 45 46]
 ...
 [72 70 70 ... 61 60 60]
 [85 81 81 ... 77 76 75]
 [98 93 93 ... 94 92 92]]
2025-08-19 16:35:40 - WARNING - ✗ 检测失败: 模板匹配检测
2025-08-19 16:35:40 - DEBUG - 等待 60 秒后执行下一次监控...
2025-08-19 16:36:40 - INFO - ==================================================
2025-08-19 16:36:40 - INFO - 开始新一轮监控循环
2025-08-19 16:36:40 - INFO - 开始检测: 模板匹配检测 (层级 1)
2025-08-19 16:36:40 - DEBUG - 截图已保存: screenshot_20250819_163640_349645.png
2025-08-19 16:36:40 - ERROR - 模板文件不存在: [[49 49 49 ... 46 47 48]
 [49 50 50 ... 45 46 47]
 [49 49 50 ... 44 45 46]
 ...
 [72 70 70 ... 61 60 60]
 [85 81 81 ... 77 76 75]
 [98 93 93 ... 94 92 92]]
2025-08-19 16:36:40 - WARNING - ✗ 检测失败: 模板匹配检测
2025-08-19 16:36:40 - DEBUG - 等待 60 秒后执行下一次监控...
2025-08-19 16:36:50 - INFO - 日志系统初始化完成
2025-08-19 16:36:50 - DEBUG - 调试模式: True
2025-08-19 16:36:50 - INFO - 监控程序启动
2025-08-19 16:36:50 - INFO - 配置项: 2 个检测任务
2025-08-19 16:36:50 - INFO - 监控间隔: 60 秒
2025-08-19 16:36:50 - INFO - ==================================================
2025-08-19 16:36:50 - INFO - 开始新一轮监控循环
2025-08-19 16:36:50 - INFO - 开始检测: 模板匹配检测 (层级 1)
2025-08-19 16:36:50 - DEBUG - 截图已保存: screenshot_20250819_163650_852284.png
2025-08-19 16:36:50 - ERROR - 模板文件不存在: [[49 49 49 ... 46 47 48]
 [49 50 50 ... 45 46 47]
 [49 49 50 ... 44 45 46]
 ...
 [72 70 70 ... 61 60 60]
 [85 81 81 ... 77 76 75]
 [98 93 93 ... 94 92 92]]
2025-08-19 16:36:50 - WARNING - ✗ 检测失败: 模板匹配检测
2025-08-19 16:36:50 - DEBUG - 等待 60 秒后执行下一次监控...
2025-08-19 16:37:50 - INFO - ==================================================
2025-08-19 16:37:50 - INFO - 开始新一轮监控循环
2025-08-19 16:37:50 - INFO - 开始检测: 模板匹配检测 (层级 1)
2025-08-19 16:37:51 - DEBUG - 截图已保存: screenshot_20250819_163750_982514.png
2025-08-19 16:37:51 - ERROR - 模板文件不存在: [[49 49 49 ... 46 47 48]
 [49 50 50 ... 45 46 47]
 [49 49 50 ... 44 45 46]
 ...
 [72 70 70 ... 61 60 60]
 [85 81 81 ... 77 76 75]
 [98 93 93 ... 94 92 92]]
2025-08-19 16:37:51 - WARNING - ✗ 检测失败: 模板匹配检测
2025-08-19 16:37:51 - DEBUG - 等待 60 秒后执行下一次监控...
2025-08-19 16:38:02 - INFO - 日志系统初始化完成
2025-08-19 16:38:02 - DEBUG - 调试模式: True
2025-08-19 16:38:02 - INFO - 监控程序启动
2025-08-19 16:38:02 - INFO - 配置项: 2 个检测任务
2025-08-19 16:38:02 - INFO - 监控间隔: 60 秒
2025-08-19 16:38:02 - INFO - ==================================================
2025-08-19 16:38:02 - INFO - 开始新一轮监控循环
2025-08-19 16:38:02 - INFO - 开始检测: 模板匹配检测 (层级 1)
2025-08-19 16:38:02 - DEBUG - 截图已保存: screenshot_20250819_163802_706242.png
2025-08-19 16:38:02 - DEBUG - 模板匹配失败，相似度: 0.505 < 阈值: 0.8
2025-08-19 16:38:02 - WARNING - ✗ 检测失败: 模板匹配检测
2025-08-19 16:38:02 - DEBUG - 等待 60 秒后执行下一次监控...
2025-08-19 16:39:02 - INFO - ==================================================
2025-08-19 16:39:02 - INFO - 开始新一轮监控循环
2025-08-19 16:39:02 - INFO - 开始检测: 模板匹配检测 (层级 1)
2025-08-19 16:39:02 - DEBUG - 截图已保存: screenshot_20250819_163902_839296.png
2025-08-19 16:39:02 - DEBUG - 模板匹配失败，相似度: 0.505 < 阈值: 0.8
2025-08-19 16:39:02 - WARNING - ✗ 检测失败: 模板匹配检测
2025-08-19 16:39:02 - DEBUG - 等待 60 秒后执行下一次监控...
2025-08-19 16:39:56 - INFO - 日志系统初始化完成
2025-08-19 16:39:56 - DEBUG - 调试模式: True
2025-08-19 16:39:56 - INFO - 监控程序启动
2025-08-19 16:39:56 - INFO - 配置项: 2 个检测任务
2025-08-19 16:39:56 - INFO - 监控间隔: 60 秒
2025-08-19 16:39:56 - INFO - ==================================================
2025-08-19 16:39:56 - INFO - 开始新一轮监控循环
2025-08-19 16:39:56 - INFO - 开始检测: 模板匹配检测 (层级 1)
2025-08-19 16:39:56 - DEBUG - 截图已保存: screenshot_20250819_163956_392019.png
2025-08-19 16:39:56 - ERROR - 模板匹配失败: 'numpy.ndarray' object has no attribute 'save'
2025-08-19 16:39:56 - WARNING - ✗ 检测失败: 模板匹配检测
2025-08-19 16:39:56 - DEBUG - 等待 60 秒后执行下一次监控...
2025-08-19 16:40:56 - INFO - ==================================================
2025-08-19 16:40:56 - INFO - 开始新一轮监控循环
2025-08-19 16:40:56 - INFO - 开始检测: 模板匹配检测 (层级 1)
2025-08-19 16:40:56 - DEBUG - 截图已保存: screenshot_20250819_164056_527108.png
2025-08-19 16:40:56 - ERROR - 模板匹配失败: 'numpy.ndarray' object has no attribute 'save'
2025-08-19 16:40:56 - WARNING - ✗ 检测失败: 模板匹配检测
2025-08-19 16:40:56 - DEBUG - 等待 60 秒后执行下一次监控...
2025-08-19 16:41:49 - INFO - 日志系统初始化完成
2025-08-19 16:41:49 - DEBUG - 调试模式: True
2025-08-19 16:41:49 - INFO - 监控程序启动
2025-08-19 16:41:49 - INFO - 配置项: 2 个检测任务
2025-08-19 16:41:49 - INFO - 监控间隔: 60 秒
2025-08-19 16:41:49 - INFO - ==================================================
2025-08-19 16:41:49 - INFO - 开始新一轮监控循环
2025-08-19 16:41:49 - INFO - 开始检测: 模板匹配检测 (层级 1)
2025-08-19 16:41:49 - DEBUG - 截图已保存: screenshot_20250819_164149_539531.png
2025-08-19 16:41:49 - DEBUG - 灰度模板已保存: screenshots\templates\dead_gray.png
2025-08-19 16:41:49 - DEBUG - 模板匹配失败，相似度: 0.505 < 阈值: 0.8
2025-08-19 16:41:49 - WARNING - ✗ 检测失败: 模板匹配检测
2025-08-19 16:41:49 - DEBUG - 等待 60 秒后执行下一次监控...
2025-08-19 16:42:49 - INFO - ==================================================
2025-08-19 16:42:49 - INFO - 开始新一轮监控循环
2025-08-19 16:42:49 - INFO - 开始检测: 模板匹配检测 (层级 1)
2025-08-19 16:42:49 - DEBUG - 截图已保存: screenshot_20250819_164249_677767.png
2025-08-19 16:42:49 - DEBUG - 灰度模板已保存: screenshots\templates\dead_gray.png
2025-08-19 16:42:49 - DEBUG - 模板匹配失败，相似度: 0.505 < 阈值: 0.8
2025-08-19 16:42:49 - WARNING - ✗ 检测失败: 模板匹配检测
2025-08-19 16:42:49 - DEBUG - 等待 60 秒后执行下一次监控...
2025-08-19 16:43:49 - INFO - ==================================================
2025-08-19 16:43:49 - INFO - 开始新一轮监控循环
2025-08-19 16:43:49 - INFO - 开始检测: 模板匹配检测 (层级 1)
2025-08-19 16:43:49 - DEBUG - 截图已保存: screenshot_20250819_164349_789852.png
2025-08-19 16:43:49 - DEBUG - 灰度模板已保存: screenshots\templates\dead_gray.png
2025-08-19 16:43:49 - DEBUG - 模板匹配失败，相似度: 0.505 < 阈值: 0.8
2025-08-19 16:43:49 - WARNING - ✗ 检测失败: 模板匹配检测
2025-08-19 16:43:49 - DEBUG - 等待 60 秒后执行下一次监控...
2025-08-19 16:44:49 - INFO - ==================================================
2025-08-19 16:44:49 - INFO - 开始新一轮监控循环
2025-08-19 16:44:49 - INFO - 开始检测: 模板匹配检测 (层级 1)
2025-08-19 16:44:49 - DEBUG - 截图已保存: screenshot_20250819_164449_900844.png
2025-08-19 16:44:49 - DEBUG - 灰度模板已保存: screenshots\templates\dead_gray.png
2025-08-19 16:44:49 - DEBUG - 模板匹配失败，相似度: 0.505 < 阈值: 0.8
2025-08-19 16:44:49 - WARNING - ✗ 检测失败: 模板匹配检测
2025-08-19 16:44:49 - DEBUG - 等待 60 秒后执行下一次监控...
2025-08-19 16:45:49 - INFO - ==================================================
2025-08-19 16:45:49 - INFO - 开始新一轮监控循环
2025-08-19 16:45:49 - INFO - 开始检测: 模板匹配检测 (层级 1)
2025-08-19 16:45:50 - DEBUG - 截图已保存: screenshot_20250819_164550_005271.png
2025-08-19 16:45:50 - DEBUG - 灰度模板已保存: screenshots\templates\dead_gray.png
2025-08-19 16:45:50 - DEBUG - 模板匹配失败，相似度: 0.505 < 阈值: 0.8
2025-08-19 16:45:50 - WARNING - ✗ 检测失败: 模板匹配检测
2025-08-19 16:45:50 - DEBUG - 等待 60 秒后执行下一次监控...
2025-08-19 16:46:00 - INFO - 日志系统初始化完成
2025-08-19 16:46:00 - DEBUG - 调试模式: True
2025-08-19 16:46:00 - INFO - 监控程序启动
2025-08-19 16:46:00 - INFO - 配置项: 2 个检测任务
2025-08-19 16:46:00 - INFO - 监控间隔: 60 秒
2025-08-19 16:46:00 - INFO - ==================================================
2025-08-19 16:46:00 - INFO - 开始新一轮监控循环
2025-08-19 16:46:00 - INFO - 开始检测: 模板匹配检测 (层级 1)
2025-08-19 16:46:00 - DEBUG - 原始截图已保存: screenshots\screenshot_20250819_164600_106859.png
2025-08-19 16:46:00 - DEBUG - 灰度处理后的截图已保存: screenshots\screenshot_20250819_164600_106859_gray.png
2025-08-19 16:46:00 - DEBUG - 模板匹配失败，相似度: 0.505 < 阈值: 0.8
2025-08-19 16:46:00 - WARNING - ✗ 检测失败: 模板匹配检测
2025-08-19 16:46:00 - DEBUG - 等待 60 秒后执行下一次监控...
2025-08-19 16:47:00 - INFO - ==================================================
2025-08-19 16:47:00 - INFO - 开始新一轮监控循环
2025-08-19 16:47:00 - INFO - 开始检测: 模板匹配检测 (层级 1)
2025-08-19 16:47:00 - DEBUG - 原始截图已保存: screenshots\screenshot_20250819_164700_257741.png
2025-08-19 16:47:00 - DEBUG - 灰度处理后的截图已保存: screenshots\screenshot_20250819_164700_257741_gray.png
2025-08-19 16:47:00 - DEBUG - 模板匹配失败，相似度: 0.505 < 阈值: 0.8
2025-08-19 16:47:00 - WARNING - ✗ 检测失败: 模板匹配检测
2025-08-19 16:47:00 - DEBUG - 等待 60 秒后执行下一次监控...
2025-08-19 16:48:20 - INFO - 日志系统初始化完成
2025-08-19 16:48:20 - DEBUG - 调试模式: True
2025-08-19 16:48:20 - INFO - 监控程序启动
2025-08-19 16:48:20 - INFO - 配置项: 2 个检测任务
2025-08-19 16:48:20 - INFO - 监控间隔: 60 秒
2025-08-19 16:48:20 - INFO - ==================================================
2025-08-19 16:48:20 - INFO - 开始新一轮监控循环
2025-08-19 16:48:20 - INFO - 开始检测: 模板匹配检测 (层级 1)
2025-08-19 16:48:20 - DEBUG - 原始截图已保存: screenshots\screenshot_20250819_164820_579715.png
2025-08-19 16:48:20 - DEBUG - 灰度处理后的截图已保存: screenshots\screenshot_20250819_164820_579715_gray.png
2025-08-19 16:48:20 - DEBUG - 灰度模板已保存: screenshots\templates\dead_gray.png
2025-08-19 16:48:20 - DEBUG - 模板匹配失败，相似度: 0.505 < 阈值: 0.8
2025-08-19 16:48:20 - WARNING - ✗ 检测失败: 模板匹配检测
2025-08-19 16:48:20 - DEBUG - 等待 60 秒后执行下一次监控...
2025-08-19 16:49:20 - INFO - ==================================================
2025-08-19 16:49:20 - INFO - 开始新一轮监控循环
2025-08-19 16:49:20 - INFO - 开始检测: 模板匹配检测 (层级 1)
2025-08-19 16:49:20 - DEBUG - 原始截图已保存: screenshots\screenshot_20250819_164920_735606.png
2025-08-19 16:49:20 - DEBUG - 灰度处理后的截图已保存: screenshots\screenshot_20250819_164920_735606_gray.png
2025-08-19 16:49:20 - DEBUG - 灰度模板已保存: screenshots\templates\dead_gray.png
2025-08-19 16:49:20 - DEBUG - 模板匹配失败，相似度: 0.505 < 阈值: 0.8
2025-08-19 16:49:20 - WARNING - ✗ 检测失败: 模板匹配检测
2025-08-19 16:49:20 - DEBUG - 等待 60 秒后执行下一次监控...
2025-08-19 16:49:32 - INFO - 日志系统初始化完成
2025-08-19 16:49:32 - DEBUG - 调试模式: True
2025-08-19 16:49:32 - INFO - 监控程序启动
2025-08-19 16:49:32 - INFO - 配置项: 2 个检测任务
2025-08-19 16:49:32 - INFO - 监控间隔: 60 秒
2025-08-19 16:49:32 - INFO - ==================================================
2025-08-19 16:49:32 - INFO - 开始新一轮监控循环
2025-08-19 16:49:32 - INFO - 开始检测: 模板匹配检测 (层级 1)
2025-08-19 16:49:32 - DEBUG - 原始截图已保存: screenshots\screenshot_20250819_164932_181857.png
2025-08-19 16:49:32 - DEBUG - 灰度处理后的截图已保存: screenshots\screenshot_20250819_164932_181857_gray.png
2025-08-19 16:49:32 - DEBUG - 灰度模板已保存: screenshots\templates\dead_gray.png
2025-08-19 16:49:32 - DEBUG - 模板匹配失败，相似度: 0.339 < 阈值: 0.8
2025-08-19 16:49:32 - WARNING - ✗ 检测失败: 模板匹配检测
2025-08-19 16:49:32 - DEBUG - 等待 60 秒后执行下一次监控...
2025-08-19 16:50:24 - INFO - 日志系统初始化完成
2025-08-19 16:50:24 - DEBUG - 调试模式: True
2025-08-19 16:50:24 - INFO - 监控程序启动
2025-08-19 16:50:24 - INFO - 配置项: 2 个检测任务
2025-08-19 16:50:24 - INFO - 监控间隔: 60 秒
2025-08-19 16:50:24 - INFO - ==================================================
2025-08-19 16:50:24 - INFO - 开始新一轮监控循环
2025-08-19 16:50:24 - INFO - 开始检测: 模板匹配检测 (层级 1)
2025-08-19 16:50:25 - DEBUG - 原始截图已保存: screenshots\screenshot_20250819_165024_979733.png
2025-08-19 16:50:25 - DEBUG - 灰度处理后的截图已保存: screenshots\screenshot_20250819_165024_979733_gray.png
2025-08-19 16:50:25 - DEBUG - 灰度模板已保存: screenshots\templates\dead_gray.png
2025-08-19 16:50:25 - DEBUG - 模板匹配失败，相似度: 0.195 < 阈值: 0.8
2025-08-19 16:50:25 - WARNING - ✗ 检测失败: 模板匹配检测
2025-08-19 16:50:25 - DEBUG - 等待 60 秒后执行下一次监控...
2025-08-19 16:51:25 - INFO - ==================================================
2025-08-19 16:51:25 - INFO - 开始新一轮监控循环
2025-08-19 16:51:25 - INFO - 开始检测: 模板匹配检测 (层级 1)
2025-08-19 16:51:25 - DEBUG - 原始截图已保存: screenshots\screenshot_20250819_165125_129264.png
2025-08-19 16:51:25 - DEBUG - 灰度处理后的截图已保存: screenshots\screenshot_20250819_165125_129264_gray.png
2025-08-19 16:51:25 - DEBUG - 灰度模板已保存: screenshots\templates\dead_gray.png
2025-08-19 16:51:25 - DEBUG - 模板匹配失败，相似度: 0.195 < 阈值: 0.8
2025-08-19 16:51:25 - WARNING - ✗ 检测失败: 模板匹配检测
2025-08-19 16:51:25 - DEBUG - 等待 60 秒后执行下一次监控...
2025-08-19 16:52:25 - INFO - ==================================================
2025-08-19 16:52:25 - INFO - 开始新一轮监控循环
2025-08-19 16:52:25 - INFO - 开始检测: 模板匹配检测 (层级 1)
2025-08-19 16:52:25 - DEBUG - 原始截图已保存: screenshots\screenshot_20250819_165225_259038.png
2025-08-19 16:52:25 - DEBUG - 灰度处理后的截图已保存: screenshots\screenshot_20250819_165225_259038_gray.png
2025-08-19 16:52:25 - DEBUG - 灰度模板已保存: screenshots\templates\dead_gray.png
2025-08-19 16:52:25 - DEBUG - 模板匹配失败，相似度: 0.195 < 阈值: 0.8
2025-08-19 16:52:25 - WARNING - ✗ 检测失败: 模板匹配检测
2025-08-19 16:52:25 - DEBUG - 等待 60 秒后执行下一次监控...
2025-08-19 16:53:25 - INFO - ==================================================
2025-08-19 16:53:25 - INFO - 开始新一轮监控循环
2025-08-19 16:53:25 - INFO - 开始检测: 模板匹配检测 (层级 1)
2025-08-19 16:53:25 - DEBUG - 原始截图已保存: screenshots\screenshot_20250819_165325_371985.png
2025-08-19 16:53:25 - DEBUG - 灰度处理后的截图已保存: screenshots\screenshot_20250819_165325_371985_gray.png
2025-08-19 16:53:25 - DEBUG - 灰度模板已保存: screenshots\templates\dead_gray.png
2025-08-19 16:53:25 - DEBUG - 模板匹配失败，相似度: 0.195 < 阈值: 0.8
2025-08-19 16:53:25 - WARNING - ✗ 检测失败: 模板匹配检测
2025-08-19 16:53:25 - DEBUG - 等待 60 秒后执行下一次监控...
2025-08-19 16:54:25 - INFO - ==================================================
2025-08-19 16:54:25 - INFO - 开始新一轮监控循环
2025-08-19 16:54:25 - INFO - 开始检测: 模板匹配检测 (层级 1)
2025-08-19 16:54:25 - DEBUG - 原始截图已保存: screenshots\screenshot_20250819_165425_501604.png
2025-08-19 16:54:25 - DEBUG - 灰度处理后的截图已保存: screenshots\screenshot_20250819_165425_501604_gray.png
2025-08-19 16:54:25 - DEBUG - 灰度模板已保存: screenshots\templates\dead_gray.png
2025-08-19 16:54:25 - DEBUG - 模板匹配失败，相似度: 0.153 < 阈值: 0.8
2025-08-19 16:54:25 - WARNING - ✗ 检测失败: 模板匹配检测
2025-08-19 16:54:25 - DEBUG - 等待 60 秒后执行下一次监控...
2025-08-19 16:55:25 - INFO - ==================================================
2025-08-19 16:55:25 - INFO - 开始新一轮监控循环
2025-08-19 16:55:25 - INFO - 开始检测: 模板匹配检测 (层级 1)
2025-08-19 16:55:25 - DEBUG - 原始截图已保存: screenshots\screenshot_20250819_165525_585656.png
2025-08-19 16:55:25 - DEBUG - 灰度处理后的截图已保存: screenshots\screenshot_20250819_165525_585656_gray.png
2025-08-19 16:55:25 - DEBUG - 灰度模板已保存: screenshots\templates\dead_gray.png
2025-08-19 16:55:25 - DEBUG - 模板匹配失败，相似度: 0.161 < 阈值: 0.8
2025-08-19 16:55:25 - WARNING - ✗ 检测失败: 模板匹配检测
2025-08-19 16:55:25 - DEBUG - 等待 60 秒后执行下一次监控...
2025-08-19 16:56:25 - INFO - ==================================================
2025-08-19 16:56:25 - INFO - 开始新一轮监控循环
2025-08-19 16:56:25 - INFO - 开始检测: 模板匹配检测 (层级 1)
2025-08-19 16:56:25 - DEBUG - 原始截图已保存: screenshots\screenshot_20250819_165625_673896.png
2025-08-19 16:56:25 - DEBUG - 灰度处理后的截图已保存: screenshots\screenshot_20250819_165625_673896_gray.png
2025-08-19 16:56:25 - DEBUG - 灰度模板已保存: screenshots\templates\dead_gray.png
2025-08-19 16:56:25 - DEBUG - 模板匹配失败，相似度: 0.351 < 阈值: 0.8
2025-08-19 16:56:25 - WARNING - ✗ 检测失败: 模板匹配检测
2025-08-19 16:56:25 - DEBUG - 等待 60 秒后执行下一次监控...
2025-08-19 16:57:25 - INFO - ==================================================
2025-08-19 16:57:25 - INFO - 开始新一轮监控循环
2025-08-19 16:57:25 - INFO - 开始检测: 模板匹配检测 (层级 1)
2025-08-19 16:57:25 - DEBUG - 原始截图已保存: screenshots\screenshot_20250819_165725_792788.png
2025-08-19 16:57:25 - DEBUG - 灰度处理后的截图已保存: screenshots\screenshot_20250819_165725_792788_gray.png
2025-08-19 16:57:25 - DEBUG - 灰度模板已保存: screenshots\templates\dead_gray.png
2025-08-19 16:57:25 - DEBUG - 模板匹配失败，相似度: 0.351 < 阈值: 0.8
2025-08-19 16:57:25 - WARNING - ✗ 检测失败: 模板匹配检测
2025-08-19 16:57:25 - DEBUG - 等待 60 秒后执行下一次监控...
2025-08-19 16:58:25 - INFO - ==================================================
2025-08-19 16:58:25 - INFO - 开始新一轮监控循环
2025-08-19 16:58:25 - INFO - 开始检测: 模板匹配检测 (层级 1)
2025-08-19 16:58:25 - DEBUG - 原始截图已保存: screenshots\screenshot_20250819_165825_915450.png
2025-08-19 16:58:25 - DEBUG - 灰度处理后的截图已保存: screenshots\screenshot_20250819_165825_915450_gray.png
2025-08-19 16:58:25 - DEBUG - 灰度模板已保存: screenshots\templates\dead_gray.png
2025-08-19 16:58:25 - DEBUG - 模板匹配失败，相似度: 0.351 < 阈值: 0.8
2025-08-19 16:58:25 - WARNING - ✗ 检测失败: 模板匹配检测
2025-08-19 16:58:25 - DEBUG - 等待 60 秒后执行下一次监控...
2025-08-19 16:59:53 - INFO - 日志系统初始化完成
2025-08-19 16:59:53 - DEBUG - 调试模式: True
2025-08-19 16:59:53 - INFO - 监控程序启动
2025-08-19 16:59:53 - INFO - 配置项: 2 个检测任务
2025-08-19 16:59:53 - INFO - 监控间隔: 60 秒
2025-08-19 16:59:53 - INFO - ==================================================
2025-08-19 16:59:53 - INFO - 开始新一轮监控循环
2025-08-19 16:59:53 - INFO - 开始检测: 模板匹配检测 (层级 1)
2025-08-19 16:59:53 - DEBUG - 原始截图已保存: screenshots\screenshot_20250819_165953_894405.png
2025-08-19 16:59:53 - DEBUG - 灰度处理后的截图已保存: screenshots\screenshot_20250819_165953_894405_gray.png
2025-08-19 16:59:53 - DEBUG - 灰度模板已保存: screenshots\templates\dead_gray.png
2025-08-19 16:59:53 - ERROR - 模板匹配失败: OpenCV(4.12.0) D:\a\opencv-python\opencv-python\opencv\modules\imgproc\src\templmatch.cpp:1179: error: (-215:Assertion failed) _img.size().height <= _templ.size().height && _img.size().width <= _templ.size().width in function 'cv::matchTemplate'

2025-08-19 16:59:53 - WARNING - ✗ 检测失败: 模板匹配检测
2025-08-19 16:59:53 - DEBUG - 等待 60 秒后执行下一次监控...
2025-08-19 17:00:53 - INFO - ==================================================
2025-08-19 17:00:53 - INFO - 开始新一轮监控循环
2025-08-19 17:00:53 - INFO - 开始检测: 模板匹配检测 (层级 1)
2025-08-19 17:00:54 - DEBUG - 原始截图已保存: screenshots\screenshot_20250819_170054_035674.png
2025-08-19 17:00:54 - DEBUG - 灰度处理后的截图已保存: screenshots\screenshot_20250819_170054_035674_gray.png
2025-08-19 17:00:54 - DEBUG - 灰度模板已保存: screenshots\templates\dead_gray.png
2025-08-19 17:00:54 - INFO - 模板匹配成功
2025-08-19 17:00:54 - INFO - ✓ 检测成功: 模板匹配检测
2025-08-19 17:00:54 - DEBUG - 等待 60 秒后执行下一次监控...
